[    0.000000] Initializing cgroup subsys cpuset
[    0.000000] Initializing cgroup subsys cpu
[    0.000000] Initializing cgroup subsys cpuacct
[    0.000000] Linux version 4.4.0-179-generic (buildd@lcy01-amd64-014) (gcc version 5.4.0 20160609 (Ubuntu 5.4.0-6ubuntu1~16.04.12) ) #209-Ubuntu SMP Fri Apr 24 17:48:44 UTC 2020 (Ubuntu 4.4.0-179.209-generic 4.4.219)
[    0.000000] Command line: BOOT_IMAGE=/boot/vmlinuz-4.4.0-179-generic root=LABEL=cloudimg-rootfs ro console=tty1 console=ttyS0
[    0.000000] KERNEL supported cpus:
[    0.000000]   Intel GenuineIntel
[    0.000000]   AMD AuthenticAMD
[    0.000000]   Centaur CentaurHauls
[    0.000000] x86/fpu: xstate_offset[2]:  576, xstate_sizes[2]:  256
[    0.000000] x86/fpu: Supporting XSAVE feature 0x01: 'x87 floating point registers'
[    0.000000] x86/fpu: Supporting XSAVE feature 0x02: 'SSE registers'
[    0.000000] x86/fpu: Supporting XSAVE feature 0x04: 'AVX registers'
[    0.000000] x86/fpu: Enabled xstate features 0x7, context size is 832 bytes, using 'standard' format.
[    0.000000] e820: BIOS-provided physical RAM map:
[    0.000000] BIOS-e820: [mem 0x0000000000000000-0x000000000009fbff] usable
[    0.000000] BIOS-e820: [mem 0x000000000009fc00-0x000000000009ffff] reserved
[    0.000000] BIOS-e820: [mem 0x00000000000f0000-0x00000000000fffff] reserved
[    0.000000] BIOS-e820: [mem 0x0000000000100000-0x000000003ffeffff] usable
[    0.000000] BIOS-e820: [mem 0x000000003fff0000-0x000000003fffffff] ACPI data
[    0.000000] BIOS-e820: [mem 0x00000000fec00000-0x00000000fec00fff] reserved
[    0.000000] BIOS-e820: [mem 0x00000000fee00000-0x00000000fee00fff] reserved
[    0.000000] BIOS-e820: [mem 0x00000000fffc0000-0x00000000ffffffff] reserved
[    0.000000] NX (Execute Disable) protection: active
[    0.000000] SMBIOS 2.5 present.
[    0.000000] Hypervisor detected: KVM
[    0.000000] e820: last_pfn = 0x3fff0 max_arch_pfn = 0x400000000
[    0.000000] MTRR: Disabled
[    0.000000] x86/PAT: MTRRs disabled, skipping PAT initialization too.
[    0.000000] CPU MTRRs all blank - virtualized system.
[    0.000000] x86/PAT: Configuration [0-7]: WB  WT  UC- UC  WB  WT  UC- UC  
[    0.000000] found SMP MP-table at [mem 0x0009fff0-0x0009ffff] mapped at [ffff88000009fff0]
[    0.000000] Scanning 1 areas for low memory corruption
[    0.000000] RAMDISK: [mem 0x362e0000-0x37167fff]
[    0.000000] ACPI: Early table checksum verification disabled
[    0.000000] ACPI: RSDP 0x00000000000E0000 000024 (v02 VBOX  )
[    0.000000] ACPI: XSDT 0x000000003FFF0030 00003C (v01 VBOX   VBOXXSDT 00000001 ASL  00000061)
[    0.000000] ACPI: FACP 0x000000003FFF00F0 0000F4 (v04 VBOX   VBOXFACP 00000001 ASL  00000061)
[    0.000000] ACPI: DSDT 0x000000003FFF0470 0021FF (v02 VBOX   VBOXBIOS 00000002 INTL 20180105)
[    0.000000] ACPI: FACS 0x000000003FFF0200 000040
[    0.000000] ACPI: FACS 0x000000003FFF0200 000040
[    0.000000] ACPI: APIC 0x000000003FFF0240 00005C (v02 VBOX   VBOXAPIC 00000001 ASL  00000061)
[    0.000000] ACPI: SSDT 0x000000003FFF02A0 0001CC (v01 VBOX   VBOXCPUT 00000002 INTL 20180105)
[    0.000000] No NUMA configuration found
[    0.000000] Faking a node at [mem 0x0000000000000000-0x000000003ffeffff]
[    0.000000] NODE_DATA(0) allocated [mem 0x3ffeb000-0x3ffeffff]
[    0.000000] kvm-clock: Using msrs 4b564d01 and 4b564d00
[    0.000000] kvm-clock: cpu 0, msr 0:3ffe3001, primary cpu clock
[    0.000000] kvm-clock: using sched offset of 4866607878 cycles
[    0.000000] clocksource: kvm-clock: mask: 0xffffffffffffffff max_cycles: 0x1cd42e4dffb, max_idle_ns: 881590591483 ns
[    0.000000] Zone ranges:
[    0.000000]   DMA      [mem 0x0000000000001000-0x0000000000ffffff]
[    0.000000]   DMA32    [mem 0x0000000001000000-0x000000003ffeffff]
[    0.000000]   Normal   empty
[    0.000000]   Device   empty
[    0.000000] Movable zone start for each node
[    0.000000] Early memory node ranges
[    0.000000]   node   0: [mem 0x0000000000001000-0x000000000009efff]
[    0.000000]   node   0: [mem 0x0000000000100000-0x000000003ffeffff]
[    0.000000] Initmem setup node 0 [mem 0x0000000000001000-0x000000003ffeffff]
[    0.000000] ACPI: PM-Timer IO Port: 0x4008
[    0.000000] IOAPIC[0]: apic_id 2, version 32, address 0xfec00000, GSI 0-23
[    0.000000] ACPI: INT_SRC_OVR (bus 0 bus_irq 0 global_irq 2 dfl dfl)
[    0.000000] ACPI: INT_SRC_OVR (bus 0 bus_irq 9 global_irq 9 low level)
[    0.000000] Using ACPI (MADT) for SMP configuration information
[    0.000000] smpboot: Allowing 2 CPUs, 0 hotplug CPUs
[    0.000000] PM: Registered nosave memory: [mem 0x00000000-0x00000fff]
[    0.000000] PM: Registered nosave memory: [mem 0x0009f000-0x0009ffff]
[    0.000000] PM: Registered nosave memory: [mem 0x000a0000-0x000effff]
[    0.000000] PM: Registered nosave memory: [mem 0x000f0000-0x000fffff]
[    0.000000] e820: [mem 0x40000000-0xfebfffff] available for PCI devices
[    0.000000] Booting paravirtualized kernel on KVM
[    0.000000] clocksource: refined-jiffies: mask: 0xffffffff max_cycles: 0xffffffff, max_idle_ns: 7645519600211568 ns
[    0.000000] setup_percpu: NR_CPUS:52 nr_cpumask_bits:512 nr_cpu_ids:2 nr_node_ids:1
[    0.000000] PERCPU: Embedded 33 pages/cpu @ffff88003fc00000 s95448 r8192 d31528 u1048576
[    0.000000] Built 1 zonelists in Node order, mobility grouping on.  Total pages: 257912
[    0.000000] Policy zone: DMA32
[    0.000000] Kernel command line: BOOT_IMAGE=/boot/vmlinuz-4.4.0-179-generic root=LABEL=cloudimg-rootfs ro console=tty1 console=ttyS0
[    0.000000] PID hash table entries: 4096 (order: 3, 32768 bytes)
[    0.000000] Memory: 997672K/1048120K available (8630K kernel code, 1336K rwdata, 4036K rodata, 1488K init, 1292K bss, 50448K reserved, 0K cma-reserved)
[    0.000000] SLUB: HWalign=64, Order=0-3, MinObjects=0, CPUs=2, Nodes=1
[    0.000000] Kernel/User page tables isolation: enabled
[    0.000000] Hierarchical RCU implementation.
[    0.000000] 	Build-time adjustment of leaf fanout to 64.
[    0.000000] 	RCU restricting CPUs from NR_CPUS=512 to nr_cpu_ids=2.
[    0.000000] RCU: Adjusting geometry for rcu_fanout_leaf=64, nr_cpu_ids=2
[    0.000000] NR_IRQS:33024 nr_irqs:440 16
[    0.000000] Console: colour VGA+ 80x25
[    0.000000] console [tty1] enabled
[    0.000000] console [ttyS0] enabled
[    0.000000] tsc: Detected 2808.008 MHz processor
[    0.196885] Calibrating delay loop (skipped) preset value.. 5616.01 BogoMIPS (lpj=11232032)
[    0.255998] pid_max: default: 32768 minimum: 301
[    0.257211] ACPI: Core revision 20150930
[    0.258829] ACPI: 2 ACPI AML tables successfully acquired and loaded
[    0.265314] Security Framework initialized
[    0.271370] Yama: becoming mindful.
[    0.272163] AppArmor: AppArmor initialized
[    0.273027] Dentry cache hash table entries: 131072 (order: 8, 1048576 bytes)
[    0.275008] Inode-cache hash table entries: 65536 (order: 7, 524288 bytes)
[    0.276233] Mount-cache hash table entries: 2048 (order: 2, 16384 bytes)
[    0.277311] Mountpoint-cache hash table entries: 2048 (order: 2, 16384 bytes)
[    0.278752] Initializing cgroup subsys io
[    0.279513] Initializing cgroup subsys memory
[    0.280445] Initializing cgroup subsys devices
[    0.281300] Initializing cgroup subsys freezer
[    0.282208] Initializing cgroup subsys net_cls
[    0.283103] Initializing cgroup subsys perf_event
[    0.284142] Initializing cgroup subsys net_prio
[    0.284997] Initializing cgroup subsys hugetlb
[    0.285821] Initializing cgroup subsys pids
[    0.287549] mce: CPU supports 0 MCE banks
[    0.288536] Last level iTLB entries: 4KB 64, 2MB 8, 4MB 8
[    0.289453] Last level dTLB entries: 4KB 64, 2MB 0, 4MB 0, 1GB 4
[    0.290592] Spectre V1 : Mitigation: usercopy/swapgs barriers and __user pointer sanitization
[    0.292137] Spectre V2 : Mitigation: Full generic retpoline
[    0.293483] Spectre V2 : Spectre v2 / SpectreRSB mitigation: Filling RSB on context switch
[    0.295045] Speculative Store Bypass: Vulnerable
[    0.296001] MDS: Mitigation: Clear CPU buffers
[    0.298858] Freeing SMP alternatives memory: 36K
[    0.305095] ftrace: allocating 32313 entries in 127 pages
[    0.352724] smpboot: APIC(0) Converting physical 0 to logical package 0
[    0.353894] smpboot: Max logical packages: 1
[    0.354928] x2apic enabled
[    0.355662] Switched APIC routing to physical x2apic.
[    0.357546] ..TIMER: vector=0x30 apic1=0 pin1=2 apic2=-1 pin2=-1
[    0.466691] smpboot: CPU0: Intel(R) Core(TM) i7-7700HQ CPU @ 2.80GHz (family: 0x6, model: 0x9e, stepping: 0x9)
[    0.490450] Performance Events: unsupported p6 CPU model 158 no PMU driver, software events only.
[    0.501312] KVM setup paravirtual spinlock
[    0.502728] x86: Booting SMP configuration:
[    0.503598] .... node  #0, CPUs:      #1
[    0.504492] kvm-clock: cpu 1, msr 0:3ffe3041, secondary cpu clock
[    0.506244] mce: CPU supports 0 MCE banks
[    0.508674] x86: Booted up 1 node, 2 CPUs
[    0.509556] smpboot: Total of 2 processors activated (11232.03 BogoMIPS)
[    0.511021] devtmpfs: initialized
[    0.513581] evm: security.selinux
[    0.514394] evm: security.SMACK64
[    0.515056] evm: security.SMACK64EXEC
[    0.515800] evm: security.SMACK64TRANSMUTE
[    0.516539] evm: security.SMACK64MMAP
[    0.517271] evm: security.ima
[    0.517914] evm: security.capability
[    0.518823] clocksource: jiffies: mask: 0xffffffff max_cycles: 0xffffffff, max_idle_ns: 7645041785100000 ns
[    0.520579] futex hash table entries: 512 (order: 3, 32768 bytes)
[    0.521707] pinctrl core: initialized pinctrl subsystem
[    0.522764] RTC time: 14:07:05, date: 05/26/20
[    0.523692] NET: Registered protocol family 16
[    0.534671] cpuidle: using governor ladder
[    0.546903] cpuidle: using governor menu
[    0.559728] PCCT header not found.
[    0.565833] ACPI: bus type PCI registered
[    0.566583] acpiphp: ACPI Hot Plug PCI Controller Driver version: 0.5
[    0.573140] PCI: Using configuration type 1 for base access
[    0.583701] ACPI: Added _OSI(Module Device)
[    0.611553] ACPI: Added _OSI(Processor Device)
[    0.612445] ACPI: Added _OSI(3.0 _SCP Extensions)
[    0.618931] ACPI: Added _OSI(Processor Aggregator Device)
[    0.620577] ACPI: Executed 1 blocks of module-level executable AML code
[    0.623528] ACPI: Interpreter enabled
[    0.624351] ACPI: (supports S0 S5)
[    0.634710] ACPI: Using IOAPIC for interrupt routing
[    0.635765] PCI: Using host bridge windows from ACPI; if necessary, use "pci=nocrs" and report a bug
[    0.640782] ACPI: PCI Root Bridge [PCI0] (domain 0000 [bus 00-ff])
[    0.643413] acpi PNP0A03:00: _OSC: OS supports [ASPM ClockPM Segments MSI]
[    0.644668] acpi PNP0A03:00: _OSC: not requesting OS control; OS requires [ExtendedConfig ASPM ClockPM MSI]
[    0.646470] acpi PNP0A03:00: fail to add MMCONFIG information, can't access extended PCI configuration space under this bridge.
[    0.655020] PCI host bridge to bus 0000:00
[    0.655846] pci_bus 0000:00: root bus resource [io  0x0000-0x0cf7 window]
[    0.657012] pci_bus 0000:00: root bus resource [io  0x0d00-0xffff window]
[    0.658171] pci_bus 0000:00: root bus resource [mem 0x000a0000-0x000bffff window]
[    0.659533] pci_bus 0000:00: root bus resource [mem 0x40000000-0xfdffffff window]
[    0.660880] pci_bus 0000:00: root bus resource [bus 00-ff]
[    0.668802] pci 0000:00:01.1: legacy IDE quirk: reg 0x10: [io  0x01f0-0x01f7]
[    0.669818] pci 0000:00:01.1: legacy IDE quirk: reg 0x14: [io  0x03f6]
[    0.670915] pci 0000:00:01.1: legacy IDE quirk: reg 0x18: [io  0x0170-0x0177]
[    0.672012] pci 0000:00:01.1: legacy IDE quirk: reg 0x1c: [io  0x0376]
[    0.696623] pci 0000:00:07.0: quirk: [io  0x4000-0x403f] claimed by PIIX4 ACPI
[    0.734652] pci 0000:00:07.0: quirk: [io  0x4100-0x410f] claimed by PIIX4 SMB
[    0.789166] ACPI: PCI Interrupt Link [LNKA] (IRQs 5 9 10 *11)
[    0.804021] ACPI: PCI Interrupt Link [LNKB] (IRQs 5 9 *10 11)
[    0.811758] ACPI: PCI Interrupt Link [LNKC] (IRQs 5 *9 10 11)
[    0.862789] ACPI: PCI Interrupt Link [LNKD] (IRQs 5 9 10 *11)
[    0.864192] ACPI: Enabled 2 GPEs in block 00 to 07
[    0.865416] vgaarb: setting as boot device: PCI:0000:00:02.0
[    0.866532] vgaarb: device added: PCI:0000:00:02.0,decodes=io+mem,owns=io+mem,locks=none
[    0.868275] vgaarb: loaded
[    0.869130] vgaarb: bridge control possible 0000:00:02.0
[    0.870409] SCSI subsystem initialized
[    0.871159] ACPI: bus type USB registered
[    0.871842] usbcore: registered new interface driver usbfs
[    0.872619] usbcore: registered new interface driver hub
[    0.873414] usbcore: registered new device driver usb
[    0.888108] PCI: Using ACPI for IRQ routing
[    0.894490] NetLabel: Initializing
[    0.895155] NetLabel:  domain hash size = 128
[    0.895942] NetLabel:  protocols = UNLABELED CIPSOv4
[    0.897441] NetLabel:  unlabeled traffic allowed by default
[    0.898749] amd_nb: Cannot enumerate AMD northbridges
[    0.905003] clocksource: Switched to clocksource kvm-clock
[    0.912152] AppArmor: AppArmor Filesystem Enabled
[    0.913210] pnp: PnP ACPI init
[    0.914690] pnp: PnP ACPI: found 3 devices
[    0.923874] clocksource: acpi_pm: mask: 0xffffff max_cycles: 0xffffff, max_idle_ns: 2085701024 ns
[    0.925477] NET: Registered protocol family 2
[    0.926425] TCP established hash table entries: 8192 (order: 4, 65536 bytes)
[    0.927799] TCP bind hash table entries: 8192 (order: 5, 131072 bytes)
[    0.929754] TCP: Hash tables configured (established 8192 bind 8192)
[    0.930909] UDP hash table entries: 512 (order: 2, 16384 bytes)
[    0.931918] UDP-Lite hash table entries: 512 (order: 2, 16384 bytes)
[    0.932967] NET: Registered protocol family 1
[   93389]ci 0000:00:00.0: Limiting direct PCI/PCI transfers
[    1.070559] pci 0000:00:01.0: Activating ISA DMA hang workarounds
[    1.071537] Unpacking initramfs...

[    1.277118] Freeing initrd memory: 14880K
[    1.280830] clocksource: tsc: mask: 0xffffffffffffffff max_cycles: 0x2879cd89e5d, max_idle_ns: 440795239466 ns
[    ..282419] platform rtc_cmos: registered platform RTC device (no PNP device found)
[    1.339122] Scanning for low memory corruption every 60 seconds
[    1.391482] audit: initializing netlink subsys (disabled)
[    1.392657] audit: type=2000 audit(1590502032.634:1): initialized
[    1.430852] Initialise system trusted keyring
[    1.490953] HugeTLB registered 2 MB page size, pre-allocated 0 pages
[    1.496554] zbud: loaded
[    1.540860] VFS: Disk quotas dquot_6.6.0
[    1.560823] VFS: Dquot-cache hash table entries: 512 (order 0, 4096 bytes)
[    1.562078] squashfs: version 4.0 (2009/01/31) Phillip Lougher
[    1.563281] fuse init (API version 7.23)
[    1.564155] Key type big_key registered
[    1.710419] Allocating IMA MOK and blacklist keyrings.
[    1.712662] Key type asymmetric registered
[    1.713494] Asymmetric key parser 'x509' registered
[    1.730813] Block layer SCSI generic (bsg) driver version 0.4 loaded (major 249)
[    1.732356] io scheduler noop registered
[    1.800413] io scheduler deadline registered (default)
[    1.830817] io scheduler cfq registered
[    1.831590] pci_hotplug: PCI Hot Plug PCI Core version: 0.5
[    1.832437] pciehp: PCI Express Hot Plug Controller Driver version: 0.4
[    1.834778] ACPI: AC Adapter [AC] (on-line)
[    1.848013] input: Power Button as /devices/LNXSYSTM:00/LNXPWRBN:00/input/input0
[    1.849353] ACPI: Power Button [PWRF]
[    1.850235] input: Sleep Button as /devices/LNXSYSTM:00/LNXSLPBN:00/input/input1
[    1.851572] ACPI: Sleep Button [SLPF]
[    1.852882] ACPI: Battery Slot [BAT0] (battery present)
[    1.853969] GHES: HEST is not enabled!
[    1.854753] Serial: 8250/16550 driver, 32 ports, IRQ sharing enabled
[    1.877690] 00:02: ttyS0 at I/O 0x3f8 (irq = 4, base_baud = 115200) is a 16550A
[    1.880315] Linux agpgart interface v0.103
[    1.882340] loop: module loaded
[    1.883460] scsi host0: ata_piix
[    1.884277] scsi host1: ata_piix
[    1.884942] ata1: PATA max UDMA/33 cmd 0x1f0 ctl 0x3f6 bmdma 0xd000 irq 14
[    1.886197] ata2: PATA max UDMA/33 cmd 0x170 ctl 0x376 bmdma 0xd008 irq 15
[    1.887564] libphy: Fixed MDIO Bus: probed
[    1.888408] tun: Universal TUN/TAP device driver, 1.6
[    1.890821] tun: (C) 1999-2004 Max Krasnyansky <maxk@qualcomm.com>
[    1.892219] PPP generic driver version 2.4.2
[    1.893402] ehci_hcd: USB 2.0 'Enhanced' Host Controller (EHCI) Driver
[    1.894638] ehci-pci: EHCI PCI platform driver
[    1.895445] ehci-platform: EHCI generic platform driver
[    1.896358] ohci_hcd: USB 1.1 'Open' Host Controller (OHCI) Driver
[    1.897508] ohci-pci: OHCI PCI platform driver
[    1.900399] ohci-platform: OHCI generic platform driver
[    1.901188] uhci_hcd: USB Universal Host Controller Interface driver
[    1.902243] i8042: PNP: PS/2 Controller [PNP0303:PS2K,PNP0f03:PS2M] at 0x60,0x64 irq 1,12
[    1.904249] serio: i8042 KBD port at 0x60,0x64 irq 1
[    1.904988] serio: i8042 AUX port at 0x60,0x64 irq 12
[    1.905944] mousedev: PS/2 mouse device common for all mice
[    1.907163] rtc_cmos rtc_cmos: rtc core: registered rtc_cmos as rtc0
[    1.911060] input: AT Translated Set 2 keyboard as /devices/platform/i8042/serio0/input/input2
[    1.912477] rtc_cmos rtc_cmos: alarms up to one day, 114 bytes nvram
[    1.941024] i2c /dev entries driver
[    1.941697] device-mapper: uevent: version 1.0.3
[    1.942486] device-mapper: ioctl: 4.34.0-ioctl (2015-10-28) initialised: dm-devel@redhat.com
[    1.981135] ledtrig-cpu: registered to indicate activity on CPUs
[    1.982498] NET: Registered protocol family 10
[    1.983375] NET: Registered protocol family 17
[    1.984190] Key type dns_resolver registered
[    1.998430] registered taskstats version 1
[    1.999346] Loading compiled-in X.509 certificates
[    2.015734] Loaded X.509 cert 'Build time autogenerated kernel key: a9e5689415cbbea5b40a198600f217117afda70c'
[    2.017236] zswap: loaded using pool lzo/zbud
[    2.019751] Key type trusted registered
[    2.023660] Key type encrypted registered
[    2.040927] AppArmor: AppArmor sha1 policy hashing enabled
[    2.042114] ima: No TPM chip found, activating TPM-bypass!
[    2.042996] ima: Allocated hash algorithm: sha1
[    2.050262] evm: HMAC attrs: 0x1
[    2.060883]   Magic number: 4:497:132
[    2.061615] rtc_cmos rtc_cmos: setting system clock to 2020-05-26 14:07:06 UTC (1590502026)
[    2.063091] BIOS EDD facility v0.16 2004-Jun-25, 0 devices found
[    2.064142] EDD information not available.
[    2.066279] Freeing unused kernel memory: 1488K
[    2.121121] Write protecting the kernel read-only data: 14336k
[    2.235878] Freeing unused kernel memory: 1600K
[    2.294979] Freeing unused kernel memory: 60K
Loading, please wait...
starting version 229
[    2.307577] random: systemd-udevd: uninitialized urandom read (16 bytes read, 3 bits of entropy available)
[    2.307912] random: udevadm: uninitialized urandom read (16 bytes read, 3 bits of entropy available)
[    2.307926] random: udevadm: uninitialized urandom read (16 bytes read, 3 bits of entropy available)
[    2.312414] random: systemd-udevd: uninitialized urandom read (16 bytes read, 3 bits of entropy available)
[    2.314182] random: udevadm: uninitialized urandom read (16 bytes read, 3 bits of entropy available)
[    2.314220] random: udevadm: uninitialized urandom read (16 bytes read, 3 bits of entropy available)
[    2.314356] random: udevadm: uninitialized urandom read (16 bytes read, 3 bits of entropy available)
[    2.314419] random: udevadm: uninitialized urandom read (16 bytes read, 3 bits of entropy available)
[    2.314476] random: udevadm: uninitialized urandom read (16 bytes read, 3 bits of entropy available)
[    2.314514] random: udevadm: uninitialized urandom read (16 bytes read, 3 bits of entropy available)
[    2.388689] Fusion MPT base driver 3.04.20
[    2.413426] Copyright (c) 1999-2008 LSI Corporation
[    2.431093] e1000: Intel(R) PRO/1000 Network Driver - version 7.3.21-k8-NAPI
[    2.432390] e1000: Copyright (c) 1999-2006 Intel Corporation.
[    2.471862] AVX2 version of gcm_enc/dec engaged.
[    2.518545] AES CTR mode by8 optimization enabled
[    2.523578] Fusion MPT SPI Host driver 3.04.20
[    2.648832] input: ImExPS/2 Generic Explorer Mouse as /devices/platform/i8042/serio1/input/input4
[    2.881536] e1000 0000:00:03.0 eth0: (PCI:33MHz:32-bit) 02:98:f4:a7:56:97
[    2.936156] e1000 0000:00:03.0 eth0: Intel(R) PRO/1000 Network Connection
[    3.313983] e1000 0000:00:08.0 eth1: (PCI:33MHz:32-bit) 08:00:27:f3:96:70
[    3.323777] e1000 0000:00:08.0 eth1: Intel(R) PRO/1000 Network Connection
[    3.329895] e1000 0000:00:03.0 enp0s3: renamed from eth0
[    3.360855] mptbase: ioc0: Initiating bringup
[    3.370029] e1000 0000:00:08.0 enp0s8: renamed from eth1
[    3.429555] ioc0: LSI53C1030 A0: Capabilities={Initiator}
[    3.607820] scsi host2: ioc0: LSI53C1030 A0, FwRev=00000000h, Ports=1, MaxQ=256, IRQ=20
[    3.733869] scsi 2:0:0:0: Direct-Access     VBOX     HARDDISK         1.0  PQ: 0 ANSI: 5
[    3.760603] scsi target2:0:0: Beginning Domain Validation
[    3.763162] scsi target2:0:0: Domain Validation skipping write tests
[    3.764310] scsi target2:0:0: Ending Domain Validation
[    3.765286] scsi target2:0:0: asynchronous
[    3.766643] scsi 2:0:1:0: Direct-Access     VBOX     HARDDISK         1.0  PQ: 0 ANSI: 5
[    3.767977] scsi target2:0:1: Beginning Domain Validation
[    3.777675] scsi target2:0:1: Domain Validation skipping write tests
[    3.799586] scsi target2:0:1: Ending Domain Validation
[    3.800512] scsi target2:0:1: asynchronous
[    3.805677] sd 2:0:0:0: [sda] 20971520 512-byte logical blocks: (10.7 GB/10.0 GiB)
[    3.831846] sd 2:0:0:0: Attached scsi generic sg0 type 0
[    3.833300] sd 2:0:1:0: Attached scsi generic sg1 type 0
[    3.833532] sd 2:0:1:0: [sdb] 20480 512-byte logical blocks: (10.5 MB/10.0 MiB)
[    3.833603] sd 2:0:0:0: [sda] Write Protect is off
[    3.833622] sd 2:0:1:0: [sdb] Write Protect is off
[    3.833688] sd 2:0:1:0: [sdb] Incomplete mode parameter data
[    3.833689] sd 2:0:1:0: [sdb] Assuming drive cache: write through
[    3.833698] sd 2:0:0:0: [sda] Incomplete mode parameter data
[    3.833700] sd 2:0:0:0: [sda] Assuming drive cache: write through
[    3.872204]  sda: sda1
[    3.874382] sd 2:0:0:0: [sda] Attached SCSI disk
[    4.087943] sd 2:0:1:0: [sdb] Attached SCSI disk
Begin: Loading essential drivers ... [    5.552877] md: linear personality registered for level -1
[    5.593407] md: multipath personality registered for level -4
[    5.604312] md: raid0 personality registered for level 0
[    5.609928] md: raid1 personality registered for level 1
[    5.781342] raid6: sse2x1   gen()  8818 MB/s
[    5.853055] raid6: sse2x1   xor()  6912 MB/s
[    5.925357] raid6: sse2x2   gen() 12159 MB/s
[    6.000111] raid6: sse2x2   xor()  8181 MB/s
[    6.070110] raid6: sse2x4   gen() 15027 MB/s
[    6.141853] raid6: sse2x4   xor()  9462 MB/s
[    6.237129] raid6: avx2x1   gen() 19578 MB/s
[    6.310071] raid6: avx2x2   gen() 27292 MB/s
[    6.380181] raid6: avx2x4   gen() 28112 MB/s
[    6.400616] raid6: using algorithm avx2x4 gen() 28112 MB/s
[    6.411171] raid6: using avx2x2 recovery algorithm
[    6.414259] xor: automatically using best checksumming function:
[    6.461016]    avx       : 24396.000 MB/sec
[    6.462851] async_tx: api initialized (async)
[    6.473515] md: raid6 personality registered for level 6
[    6.474398] md: raid5 personality registered for level 5
[    6.479758] md: raid4 personality registered for level 4
[    6.486669] md: raid10 personality registered for level 10
done.
Begin: Running /scripts/init-premount ... done.
Begin: Mounting root file system ... Begin: Running /scripts/local-top ... done.
Begin: Running /scripts/local-premount ... [    6.555994] Btrfs loaded
Scanning for Btrfs filesystems
done.
Warning: fsck not present, so skipping root file system
[    7.184388] EXT4-fs (sda1): mounted filesystem with ordered data mode. Opts: (null)
done.
Begin: Running /scripts/local-bottom ... done.
Begin: Running /scripts/init-bottom ... done.
[    7.737154] random: nonblocking pool is initialized
[    8.114507] systemd[1]: systemd 229 running in system mode. (+PAM +AUDIT +SELINUX +IMA +APPARMOR +SMACK +SYSVINIT +UTMP +LIBCRYPTSETUP +GCRYPT +GNUTLS +ACL +XZ -LZ4 +SECCOMP +BLKID +ELFUTILS +KMOD -IDN)
[   8.132940] systemd[1]: Detected virtualization oracle.
[   8.162792] systemd[1]: Detected architecture x86-64.

Welcome to [1mUbuntu 16.04.6 LTS[0m!

[    8.289971] systemd[1]: S hostname to <ubuntu>.
[    8.354501] systemd[1]: Initializing machine D om random generator.
[    8.424506] systemd[1]: Installed transient /etc/machine-id file.

[  13998syemd[1]: Listening on Device-mapper event daemon FIFOs.
[[0;32m  OK  [0m] Listening on Device-mapper event daemon FIFOs.
[   10.606366] systemd[1]: Listening on Journal Socket (/dev/log).
[[0;32m  OK  [0m] Listening on Journal Socket (/dev/log).
[   11.133624]ystemd[1]: Listening on /dev/initctl Compatibility Named Pipe.
[[0;32m  OK  [0m] Listening on /dev/initctl Compatibility Named Pipe.
[   11.325778] systemd[1]: Started Forward Password Requests to Wall Directory Watch.
[[0;32m  OK  [0m] Started Forward Password Requests to Wall Directory Watch.
[   11.356766] systemd[1]: Listening on udev Kernel Socket.
[[0;32m  OK  [0m] Listening on udev Kernel Socket.
[  113348] systemd[1]: Listening on Syslog Socket.
[[0;32m  OK  [0m] Listening on Syslog Socket.
[   12.285644] systemd[1]: Listening on Journal Socket.
[[0;32m  OK  [0m] Listening on Journal Socket.
[   12.31355 systemd[1]: Listening on LVM2 metadata daemon socket.
[[0;32m  OK  [0m] Listening on LVM2 metadata daemon socket.
[   12.711318] systemd[1]: Reached target System Time Synchronized.
[[0;32m  OK  [0m] Reached target System Time Synchronized.
[   12.720493] systemd[1]: Created slice System Slice.
[[0;32m  OK  [0m] Created slice System Slice.
[   12.737384] systemd[1]: Starting Load Kernel Modules...
         Starting Load Kernel Modules...
[   12.742396] systemd[1]: Starting Remount Root and Kernel File Systems...
         Starting Remount Root and Kernel File Systems...
[   12.746522] systemd[1]: Starting Nameserver information manager...
         Starting Nameserver information manager...
[   12.801295] systemd[1]: Starting Uncomplicated firewall...
         Starting Uncomplicated firewall...
[   12.804410] systemd[1]: Starting Create list of required static device nodes for the current kernel...
         Starting Create list of required st... nodes for the current kernel...
[   12.809037] systemd[1]: Mounting Huge Pages File System...
         Mounting Huge Pages File System...
[   12.837205] systemd[1]: Mounting Debug File System...
         Mounting Debug File System...
[   12.839965] systemd[1]: Created slice system-serial\x2dgetty.slice.
[[0;32m  OK  [0m] Created slice system-serial\x2dgetty.slice.
[   12.843739] systemd[1]: Starting Monitoring of LVM2 mirrors, snapshots etc. using dmeventd or progress polling...
         Starting Monitoring of LVM2 mirrors... dmeventd or progress polling...
[   12.848689] systemd[1]: Mounting POSIX Message Queue File System...
         Mounting POSIX Message Queue File System...
[   12.893214] systemd[1]: Starting Set console keymap...
         Starting Set console keymap...
[   12.901222] systemd[1]: Created slice User and Session Slice.
[[0;32m  OK  [0m] Created slice User and Session Slice.
[   12.907824] systemd[1]: Reached target Slices.
[[0;32m  OK  [0m] Reached target Slices.
[   12.910971] systemd[1]: Listening on LVM2 poll daemon socket.
[[0;32m  OK  [0m] Listening on LVM2 poll daemon socket.
[   12.969661] systemd[1]: Set up automount Arbitrary Executable File Formats File System Automount Point.
[[0;32m  OK  [0m] Set up automount Arbitrary Executab...ats File System Automount Point.
[ 13.050492] systemd[1]: Listening on udev Control Socket.

[[0;32m  OK  [0m] Listening on udev Control Socket.
[   13.098627] systemd[1]: Started Trigger resolvconf update for networkd DNS.
[[0;32m  OK  [0m] Started Trigger resolvconf update for networkd DNS.
[   13.107532] systemd[1]: Listening on Journal Audit Socket.
[[0;32m  OK  [0m] Listening on Journal Audit Socket.
[   13.121254] systemd[1]: Starting Journal Service...
         Starting Journal Service...
[   13.143965] systemd[1]: Reached target User and Group Name Lookups.
[[0;32m  OK  [0m] Reached target User and Group Name Lookups.
[ 1317369] systemd[1]: Reached target Swap.
[[0;32m  OK  [0m] Reached target Swap.
[   13.288907] systemd[1]: Reached target Encrypted Volumes.
[[0;32m  OK  [0m] Reached target Encrypted Volumes.[   13.291368] EXT4-fs (sda1): re-mounted. Opts: (null)

[   13.301948] systemd[1]: Mounted POSIX Message Queue File System.
[[0;32m  OK  [0m] Mounted POSIX Message Queue File System.
[   13.341318] systemd[1]: Mounted Huge Pages File System.
[[0;32m  OK  [0m] Mounted Huge Pages File System.
[   13.383427] systemd[1]: Mounted Debug File System.
[[0;32m  OK  [0m] Mounted Debug File System.
[ 13.421710] systemd[1]: Started Remount Root and Kernel File Systems.

[   13.471624] Loading iSCSI transport class v2.0-870.
[[0;32m  OK  [0m] Started Remount Root and Kernel File Systems.
[   13.494458] systemd[1]: Started Uncomplicated firewall.
[[0;32m  OK  [0m] Started Uncomplicated firewall.
[   13.497608] systemd[1]: Started Create list of required static device nodes for the current kernel.
[[0;32m  OK  [0m] Started Create list of required sta...ce nodes for the current kernel.
[   13.527063] systemd[1]: Started Set console keymap.
[[0;32m  OK  [0m] Started Set console keymap.
[   13.536911] systemd[1]: Started Journal Service.
[[0;32m  OK  [0m] Started Journal Service.
[[0;32m  OK  [0m] Started LVM2 metadata daemon.
         Starting Create Static Device Nodes in /dev...
         Starting Load/Save Random Seed...
[   13.568446] iscsi: registered transport (tcp)
         Starting udev Coldplug all Devices...
         Starting Flush Journal to Persistent Storage...
[[0;32m  OK  [0m] Started Nameserver information manager.
[[0;32m  OK  [0m] Started Load/Save Random Seed.
[[0;32m  OK  [0m] Started udev Coldplug all Devices.
[   13.8761] csi: registered transport (iser)

[[0;32m  OK  [0m] Started Load Kernel Modules.
         Mounting FUSE Control File System...
         Starting Apply Kernel Variables...
[[0;32m  OK  [0m] Mounted FUSE Control File System.
[[0;32m  OK  [0m] Started Monitoring of LVM2 mirrors,...ng dmeventd or progress polling.
[   14.205144] systemd-journald[395]: Received request to flush runtime journal from PID 1
[[0;32m  OK  [0m] Started Flush Journal to Persistent Storage.
[[0;32m  OK  [0m] Started Apply Kernel Variables.
[[0;32m  OK  [0m] Started Create Static Device Nodes in /dev.
         Starting udev Kernel Device Manager...
[[0;32m  OK  [0m] Reached target Local File Systems (Pre).
[[0;32m  OK  [0m] Reached target Local File Systems.
         Starting Commit a transient machine-id on disk...
         Starting Create Volatile Files and Directories...
         Starting Initial cloud-init job (pre-networking)...
         Starting Set console font and keymap...
         Starting Tell Plymouth To Write Out Runtime Data...
         Starting LSB: AppArmor initialization...
[[0;32m  OK  [0m] Started Create Volatile Files and Directories.
         Starting Update UTMP about System Boot/Shutdown...
[[0;32m  OK  [0m] Started Update UTMP about System Boot/Shutdown.
[[0;32m  OK  [0m] Started Tell Plymouth To Write Out Runtime Data.
[[0;32m  OK  [0m] Started Commit a transient machine-id on disk.
[[0;32m  OK  [0m] Started udev Kernel Device Manager.
[[0;32m  OK  [0m] Started Dispatch Password Requests to Console Directory Watch.
[[0;32m  OK  [0m] Started Set console font and keymap.
[[0;32m  OK  [0m] Created slice system-getty.slice.
[[0;32m  OK  [0m] Found device /dev/ttyS0.
[[0;32m  OK  [0m] Listening on Load/Save RF Kill Switch Status /dev/rfkill Watch.
[[0;32m  OK  [0m] Started LSB: AppArmor initialization.
[   19.287387] cloud-init[472]: Cloud-init v. 19.4-33-gbb4131a2-0ubuntu1~16.04.1 running 'init-local' at Tue, 26 May 2020 14:07:23 +0000. Up 18.55 seconds.
[[0;32m  OK  [0m] Started Initial cloud-init job (pre-networking).
[[0;32m  OK  [0m] Reached target Network (Pre).
         Starting Raise network interfaces...
[[0;32m  OK  [0m] Started Raise network interfaces.
[[0;32m  OK  [0m] Reached target Network.
         Starting Initial cloud-init job (metadata service crawler)...
[   21.605079] cloud-init[966]: Cloud-init v. 19.4-33-gbb4131a2-0ubuntu1~16.04.1 running 'init' at Tue, 26 May 2020 14:07:24 +0000. Up 19.95 seconds.
[   21.652205] cloud-init[966]: ci-info: ++++++++++++++++++++++++++++++++++++++Net device info+++++++++++++++++++++++++++++++++++++++
[   21.652374] cloud-init[966]: ci-info: +--------+-------+----------------------------+---------------+--------+-------------------+
[[0;32m  OK  [0m] Started Initial cloud-init job (metadata service crawler).
[   21.652493] cloud-init[966]: ci-info: | Device |   Up  |          Address           |      Mask     | Scope  |     Hw-Address    |
[   21.806118] cloud-init[966]: ci-info: +--------+-------+----------------------------+---------------+--------+-------------------+
[   21.807002] cloud-init[966]: ci-info: | enp0s3 |  True |         10.0.2.15          | 255.255.255.0 | global | 02:98:f4:a7:56:97 |
[[0;32m  OK  [0m] Reached target Network is Online.
[   21.807459] cloud-init[966]: ci-info: | enp0s3 |  True | fe80::98:f4ff:fea7:5697/64 |       .       |  link  | 02:98:f4:a7:56:97 |
[   21.834254] cloud-init[966]: ci-info: | enp0s8 | False |             .              |       .       |   .    | 08:00:27:f3:96:70 |
[   21.884798] cloud-init[966]: ci-info: |   lo   |  True |         127.0.0.1          |   255.0.0.0   |  host  |         .         |
[   21.885376] cloud-init[966]: ci-info: |   lo   |  True |          ::1/128           |       .       |  host  |         .         |
[   21.885792] cloud-init[966]: ci-info: +--------+-------+----------------------------+---------------+--------+-------------------+
[   21.886200] cloud-init[966]: ci-info: +++++++++++++++++++++++++++Route IPv4 info++++++++++++++++++++++++++++
[   21.886620] cloud-init[966]: ci-info: +-------+-------------+----------+---------------+-----------+-------+
[   21.887104] cloud-init[966]: ci-info: | Route | Destination | Gateway  |    Genmask    | Interface | Flags |
[   21.887469] cloud-init[966]: ci-info: +-------+-------------+----------+---------------+-----------+-------+
[   21.887859] cloud-init[966]: ci-info: |   0   |   0.0.0.0   | 10.0.2.2 |    0.0.0.0    |   enp0s3  |   UG  |
         Starting iSCSI initiator daemon (iscsid)...
[[   21.888763] cloud-init[966]: ci-info: |   1   |   10.0.2.0  | 0.0.0.0  | 255.255.255.0 |   enp0s3  |   U   |
[   21.951891] cloud-init[966]: ci-info: +-------+-------------+----------+---------------+-----------+-------+
[   21.951990] cloud-init[966]: ci-info: +++++++++++++++++++Route IPv6 info+++++++++++++++++++
[   21.952282] cloud-init[966]: ci-info: +-------+-------------+---------+-----------+-------+
[   21.952421] cloud-init[966]: ci-info: | Route | Destination | Gateway | Interface | Flags |
[   21.952565] cloud-init[966]: ci-info: +-------+-------------+---------+-----------+-------+
[   21.952718] cloud-init[966]: ci-info: |   0   |  fe80::/64  |    ::   |   enp0s3  |   U   |
[   21.953110] cloud-init[966]: ci-info: |   3   |   ff00::/8  |    ::   |   enp0s3  |   U   |
[   21.953181] cloud-init[966]: ci-info: +-------+-------------+---------+-----------+-------+
[   21.953322] cloud-init[966]: Generating public/private rsa key pair.
[   21.953464] cloud-init[966]: Your identification has been saved in /etc/ssh/ssh_host_rsa_key.
[   21.953607] cloud-init[966]: Your public key has been saved in /etc/ssh/ssh_host_rsa_key.pub.
[   21.953752] cloud-init[966]: The key fingerprint is:
[   21.953910] cloud-init[966]: SHA256:jqy86Xc7SpTZlCDQE6/D5DfbRdIvSFufz5b84+kOoXU root@ubuntu-xenial
[0;32m  OK  [0m] Reached target Cloud-config availability.
[[   21.954057] cloud-init[966]: The key's randomart image is:
[   21.983618] cloud-init[966]: +---[RSA 2048]----+
[   21.983729] cloud-init[966]: |  .oo..          |
[   21.983874] cloud-init[966]: |    oo . o       |
[   21.984042] cloud-init[966]: |    ... = +      |
[   21.984178] cloud-init[966]: |   + . * * o .   |
[   21.984323] cloud-init[966]: |    = * S o +o E |
[   21.984480] cloud-init[966]: |     = * . .o+o. |
[   21.984629] cloud-init[966]: |      = o  . .*  |
[   21.984778] cloud-init[966]: |   . +. o    ..o.|
[   21.984941] cloud-init[966]: |   .*o.o.o    +=o|
[   21.985120] cloud-init[966]: +----[SHA256]-----+
[   21.985264] cloud-init[966]: Generating public/private dsa key pair.
[   21.985411] cloud-init[966]: Your identification has been saved in /etc/ssh/ssh_host_dsa_key.
[   21.985560] cloud-init[966]: Your public key has been saved in /etc/ssh/ssh_host_dsa_key.pub.
[   21.985708] cloud-init[966]: The key fingerprint is:
[   21.985857] cloud-init[966]: SHA256:tKPTFSdhLtd/3oUNFu4+qPZkOw3xQ90ItNhfKRNhDmo root@ubuntu-xenial
[   21.986005] cloud-init[966]: The key's randomart image is:
[   21.986153] cloud-init[966]: +---[DSA 1024]----+
[   21.986303] cloud-init[966]: |          oo.+o  |
[   21.986450] cloud-init[966]: |         o.==o...|
[   21.986597] cloud-init[966]: |        oE* ==++o|
[   21.986751] cloud-init[966]: |       ..+ +.===o|
[   21.986898] cloud-init[966]: |        S .  += +|
[   21.987046] cloud-init[966]: |       o o  .oooo|
[   21.987196] cloud-init[966]: |      o .   +oo.o|
[   21.987377] cloud-init[966]: |       .  .+.... |
[0;32m  OK  [0m] Reached target System Initialization.
[[   21.987687] cloud-init[966]: |         ...o.   |
[   22.375365] cloud-init[966]: +----[SHA256]-----+
[   22.375862] cloud-init[966]: Generating public/private ecdsa key pair.
[0;32m  OK  [0m] Listening on ACPID Listen Socket.
[   22.377192] cloud-init[966]: Your identification has been saved in /etc/ssh/ssh_host_ecdsa_key.
[   22.409135] cloud-init[966]: Your public key has been saved in /etc/ssh/ssh_host_ecdsa_key.pub.
[   22.410098] cloud-init[966]: The key fingerprint is:
[   22.410715] cloud-init[966]: SHA256:X6PANVIcoEEVNCLyE27GRC0zkxKd4wz+87M+sDedRo8 root@ubuntu-xenial
[   22.411233] cloud-init[966]: The key's randomart image is:
[   22.411753] cloud-init[966]: +---[ECDSA 256]---+
[   22.412832] cloud-init[966]: |  o+==+o*+o.     |
[   22.413421] cloud-init[966]: |  o*Xo.+ o.      |
[   22.413935] cloud-init[966]: | . =B*. . o      |
[[0;32m  OK  [0m] Listening on D-Bus System Message Bus Socket.
[[   22.414489] cloud-init[966]: |  .oo. . o .     |
[   22.468743] cloud-init[966]: |   .    S   o    |
[   22.469939] cloud-init[966]: |    +   .o o .   |
[   22.470504] cloud-init[966]: |     = o +o      |
[   22.471092] cloud-init[966]: |    . * E .      |
[   22.471650] cloud-init[966]: |     oo*         |
[   22.472850] cloud-init[966]: +----[SHA256]-----+
[   22.473457] cloud-init[966]: Generating public/private ed25519 key pair.
[   22.474034] cloud-init[966]: Your identification has been saved in /etc/ssh/ssh_host_ed25519_key.
[   22.474619] cloud-init[966]: Your public key has been saved in /etc/ssh/ssh_host_ed25519_key.pub.
[   22.475230] cloud-init[966]: The key fingerprint is:
[   22.475801] cloud-init[966]: SHA256:DEUIL+rMZg8uNeKJISmC0aZi0/v6uVYNC+wwiBr58No root@ubuntu-xenial
[   22.477116] cloud-init[966]: The key's randomart image is:
[0;32m  OK  [0m] Listening on UUID daemon activation socket.
[   22.477676] cloud-init[966]: +--[ED25519 256]--+
[   22.532323] cloud-init[966]: |    .. oo        |
[   22.532665] cloud-init[966]: |     ...         |
[   22.533241] cloud-init[966]: |.o. o o          |
[   22.533447] cloud-init[966]: |*.o+ + +         |
[   22.533691] cloud-init[966]: |oXo + . S        |
[   22.533966] cloud-init[966]: |%*=. . o .       |
[[0;32m  OK  [0m] Started Message of the Day.
[   22.534234] cloud-init[966]: |O*X.. .          |
[   22.704812] cloud-init[966]: |+*E+ ..          |
[   22.705805] cloud-init[966]: | ...*=.          |
[[0;32m  OK  [0m] Started Daily Cleanup of Temporary Directories.
[   22.706411] cloud-init[966]: +----[SHA256]-----+
[[0;32m  OK  [0m] Started Daily apt download activities.
[[0;32m  OK  [0m] Started Daily apt upgrade and clean activities.
[[0;32m  OK  [0m] Started ACPI Events Check.
[[0;32m  OK  [0m] Reached target Paths.
         Starting LXD - unix socket.
         Starting Socket activation for snappy daemon.
[[0;32m  OK  [0m] Reached target Timers.
[[0;32m  OK  [0m] Listening on LXD - unix socket.
[[0;32m  OK  [0m] Listening on Socket activation for snappy daemon.
[[0;32m  OK  [0m] Started iSCSI initiator daemon (iscsid).
         Starting Login to default iSCSI targets...
[[0;32m  OK  [0m] Reached target Sockets.
[[0;32m  OK  [0m] Reached target Basic System.
         Starting Virtualbox guest utils...
[[0;32m  OK  [0m] Started FUSE filesystem for LXC.
[[0;32m  OK  [0m] Started Deferred execution scheduler.
         Starting LSB: MD monitoring daemon...
         Starting Pollinate to seed the pseudo random number generator...
         Starting Login Service...
         Starting LSB: Record successful boot for GRUB...
[[0;32m  OK  [0m] Started D-Bus System Message Bus.
         Starting System Logging Service...
         Starting Accounts Service...
         Starting /etc/rc.local Compatibility...
[[0;32m  OK  [0m] Started ACPI event daemon.
         Starting Snappy daemon...
[[0;32m  OK  [0m] Started Regular background program processing daemon.
         Starting LXD - container startup/shutdown...
[[0;32m  OK  [0m] Started System Logging Service.
[[0;32m  OK  [0m] Started /etc/rc.local Compatibility.
[[0;32m  OK  [0m] Started Login Service.
[[0;32m  OK  [0m] Started Unattended Upgrades Shutdown.
[[0;32m  OK  [0m] Started LSB: Record successful boot for GRUB.
[[0;32m  OK  [0m] Started LSB: MD monitoring daemon.
[[0;32m  OK  [0m] Started Login to default iSCSI targets.
[[0;32m  OK  [0m] Reached target Remote File Systems (Pre).
[[0;32m  OK  [0m] Reached target Remote File Systems.
         Starting LSB: automatic crash report generation...
         Starting LSB: Set the CPU Frequency Scaling governor to "ondemand"...
         Starting LSB: daemon to balance interrupts for SMP systems...
         Starting Permit User Sessions...
[[0;32m  OK  [0m] Started LSB: Set the CPU Frequency Scaling governor to "ondemand".
[[0;32m  OK  [0m] Started Permit User Sessions.
         Starting Hold until boot process finishes up...
         Starting Terminate Plymouth Boot Screen...
[[0;32m  OK  [0m] Started Hold until boot process finishes up.
[[0;32m  OK  [0m] Started Terminate Plymouth Boot Screen.
[[0;32m  OK  [0m] Started LSB: daemon to balance interrupts for SMP systems.
         Starting Set console scheme...
[[0;32m  OK  [0m] Started Getty on tty1.
[[0;32m  OK  [0m] Started Serial Getty on ttyS0.
[[0;32m  OK  [0m] Reached target Login Prompts.
[[0;32m  OK  [0m] Started LSB: automatic crash report generation.
[[0;32m  OK  [0m] Started Set console scheme.
         Starting Authenticate and Authorize Users to Run Privileged Tasks...
[[0;32m  OK  [0m] Started Virtualbox guest utils.
[[0;32m  OK  [0m] Started Authenticate and Authorize Users to Run Privileged Tasks.
[[0;32m  OK  [0m] Started Accounts Service.
[[0;32m  OK  [0m] Started Pollinate to seed the pseudo random number generator.
         Starting OpenBSD Secure Shell server...
[[0;32m  OK  [0m] Started LXD - container startup/shutdown.
[[0;32m  OK  [0m] Started OpenBSD Secure Shell server.
[[0;32m  OK  [0m] Created slice User Slice of vagrant.
         Starting User Manager for UID 1000...
[[0;32m  OK  [0m] Started Session 1 of user vagrant.
[[0;32m  OK  [0m] Started User Manager for UID 1000.
[[0;32m  OK  [0m] Started Snappy daemon.
         Starting Wait until snapd is fully seeded...
[   31.561876] cloud-init[1462]: Generating locales (this might take a while)...

Ubuntu 16.04.6 LTS ubuntu-xenial ttyS0

ubuntu-xenial login: [   33.583338] cloud-init[1462]:   en_US.UTF-8... done
[   33.584385] cloud-init[1462]: Generation complete.
[   34.568829] cloud-init[1462]: Cloud-init v. 19.4-33-gbb4131a2-0ubuntu1~16.04.1 running 'modules:config' at Tue, 26 May 2020 14:07:36 +0000. Up 31.35 seconds.
ci-info: no authorized SSH keys fingerprints found for user ubuntu.
<14>May 26 14:07:40 ec2: 
<14>May 26 14:07:40 ec2: #############################################################
<14>May 26 14:07:40 ec2: -----BEGIN SSH HOST KEY FINGERPRINTS-----
<14>May 26 14:07:40 ec2: 1024 SHA256:tKPTFSdhLtd/3oUNFu4+qPZkOw3xQ90ItNhfKRNhDmo root@ubuntu-xenial (DSA)
<14>May 26 14:07:40 ec2: 256 SHA256:X6PANVIcoEEVNCLyE27GRC0zkxKd4wz+87M+sDedRo8 root@ubuntu-xenial (ECDSA)
<14>May 26 14:07:40 ec2: 256 SHA256:DEUIL+rMZg8uNeKJISmC0aZi0/v6uVYNC+wwiBr58No root@ubuntu-xenial (ED25519)
<14>May 26 14:07:40 ec2: 2048 SHA256:jqy86Xc7SpTZlCDQE6/D5DfbRdIvSFufz5b84+kOoXU root@ubuntu-xenial (RSA)
<14>May 26 14:07:40 ec2: -----END SSH HOST KEY FINGERPRINTS-----
<14>May 26 14:07:40 ec2: #############################################################
-----BEGIN SSH HOST KEY KEYS-----
ecdsa-sha2-nistp256 AAAAE2VjZHNhLXNoYTItbmlzdHAyNTYAAAAIbmlzdHAyNTYAAABBBAGjg86wu+6bQJ5sB5s2L0l1pwkSMidwXK5jJ/jonedSUA9SnKU6yLOYoHSjPMnHP5dD/fd+98jEyIa2h0TflrE= root@ubuntu-xenial
ssh-ed25519 AAAAC3NzaC1lZDI1NTE5AAAAIEkQcH6/TFEyBk4aTACpKrDqtQ+fv7D6S9V36Py0amXK root@ubuntu-xenial
ssh-rsa AAAAB3NzaC1yc2EAAAADAQABAAABAQD2B0kwFl6TRXBnlO1xrdwWhueSQUoqkSdccATPgdq9UK+XKIsqlVwjVb9seDbLf5TNkECRnxjLGrVKlC4ycc3QEcUQvgngqopTtVt8tofL8NSdc9+3XI91iQlMq/gsXkV2ERwYk2U08wQ0iHobHaLQVEGz6u9czRcnza24Uoq/hGM+bD2PNK6RDqf+7YrmUl6M76kNEGbrY5Ty4DT4novwetOWYSGGFm+/WzunAdFJo2jee4Nn0WrdY/2xi7A2YOl4jHTW8PeowiE5pnwL5ztSysN+v1KwwyvEqPl7gQXOnHaocmtnka4lgFQu/4aHtqapzm4f6JCLFBmhxYlrLFwX root@ubuntu-xenial
-----END SSH HOST KEY KEYS-----
[   35.140538] cloud-init[1786]: Cloud-init v. 19.4-33-gbb4131a2-0ubuntu1~16.04.1 running 'modules:final' at Tue, 26 May 2020 14:07:39 +0000. Up 34.83 seconds.
[   35.140701] cloud-init[1786]: ci-info: no authorized SSH keys fingerprints found for user ubuntu.
[   35.140808] cloud-init[1786]: Cloud-init v. 19.4-33-gbb4131a2-0ubuntu1~16.04.1 finished at Tue, 26 May 2020 14:07:40 +0000. Datasource DataSourceNoCloud [seed=/dev/sdb][dsmode=net].  Up 35.13 seconds
         Stopping ACPI event daemon...
         Stopping User Manager for UID 1000...
[[0;32m  OK  [0m] Closed Load/Save RF Kill Switch Status /dev/rfkill Watch.
         Stopping Hostname Service...
[[0;32m  OK  [0m] Stopped target Cloud-init target.
[[0;32m  OK  [0m] Stopped Execute cloud user/final scripts.
         Stopping Authenticate andu         Stopping LSB: daemon to balance interrupts for SMP systems...
         Stopping Session 3 of user vagrant.
         Stopping System Logging Service...
         Stopping Regular background program processing daemon...
[[0;32m  OK  [0m] Stopped Daily apt download activities.
[[0;32m  OK  [0m] Stopped target System Time Synchronized.
[[0;32m  OK  [0m] Unmounted /var/lib/lxcfs.
[[0;32m  OK  [0m] Stopped Deferred execution scheduler.
[[0;32m  OK  [0m] Stopped System Logging Service.
[[0;32m  OK  [0m] Stopped Accounts Service.
[[0;32m  OK  [0m] Stopped ACPI event daemon.
[[0;32m  OK  [0m] Stopped Regular background program processing daemon.
[[0;32m  OK  [0m] Stopped Unattended Upgrades Shutdown.
[[0;32m  OK  [0m] Stopped Getty on tty1.
[[0;32m  OK  [0m] Stopped Serial Getty on ttyS0.
[[0;32m  OK  [0m] Stopped Authenticate and Authorize Users to Run Privileged Tasks.
[[0;32m  OK  [0m] Stopped OpenBSD Secure Shell server.
[[0;32m  OK  [0m] Stopped Hostname Service.
[[0;32m  OK  [0m] Stopped Session 2 of user vagrant.
[[0;32m  OK  [0m] Stopped LSB: Record successful boot for GRUB.
[[0;32m  OK  [0m] Stopped LSB: daemon to balance interrupts for SMP systems.
[[0;32m  OK  [0m] Removed slice system-serial\x2dgetty.slice.
[[0;32m  OK  [0m] Stopped /etc/rc.local Compatibility.
[[0;32m  OK  [0m] Removed slice system-getty.slice.
[[0;32m  OK  [0m] Stopped LSB: Set the CPU Frequency Scaling governor to "ondemand".
[[0;32m  OK  [0m] Stopped LSB: MD monitoring daemon.
[[0;32m  OK  [0m] Stopped Session 3 of user vagrant.
[[0;32m  OK  [0m] Stopped Virtualbox guest utils.
[[0;32m  OK  [0m] Stopped D-Bus System Message Bus.
[[0;32m  OK  [0m] Stopped FUSE filesystem for LXC.
[[0;32m  OK  [0m] Stopped LSB: automatic crash report generation.
[[0;32m  OK  [0m] Stopped LXD - container startup/shutdown.
[[0;32m  OK  [0m] Stopped User Manager for UID 1000.
[[0;32m  OK  [0m] Removed slice User Slice of vagrant.
         Stopping Login Service...
         Stopping Permit User Sessions...
[[0;32m  OK  [0m] Stopped Permit User Sessions.
[[0;32m  OK  [0m] Stopped target Remote File Systems.
[[0;32m  OK  [0m] Stopped target Remote File Systems (Pre).
         Stopping Login to default iSCSI targets...
[[0;32m  OK  [0m] Stopped Login Service.
[[0;32m  OK  [0m] Stopped target Basic System.
[[0;32m  OK  [0m] Stopped target Slices.
[[0;32m  OK  [0m] Stopped target Sockets.
[[0;32m  OK  [0m] Closed LXD - unix socket.
[[0;32m  OK  [0m] Closed Syslog Socket.
[[0;32m  OK  [0m] Closed Socket activation for snappy daemon.
[[0;32m  OK  [0m] Closed UUID daemon activation socket.
[[0;32m  OK  [0m] Closed ACPID Listen Socket.
[[0;32m  OK  [0m] Stopped target Paths.
[[0;32m  OK  [0m] Stopped Forward Password Requests to Wall Directory Watch.
[[0;32m  OK  [0m] Stopped ACPI Events Check.
[[0;32m  OK  [0m] Stopped Dispatch Password Requests to Console Directory Watch.
[[0;32m  OK  [0m] Closed D-Bus System Message Bus Socket.
[[0;32m  OK  [0m] Removed slice User and Session Slice.
[[0;32m  OK  [0m] Stopped target System Initialization.
[[0;32m  OK  [0m] Stopped target Swap.
[[0;32m  OK  [0m] Stopped target Encrypted Volumes.
         Stopping Update UTMP about System Boot/Shutdown...
         Stopping Load/Save Random Seed...
[[0;32m  OK  [0m] Stopped Commit a transient machine-id on disk.
[[0;32m  OK  [0m] Stopped target User and Group Name Lookups.
[[0;32m  OK  [0m] Stopped Load/Save Random Seed.
[[0;32m  OK  [0m] Stopped Update UTMP about System Boot/Shutdown.
[[0;32m  OK  [0m] Stopped Create Volatile Files and Directories.
[[0;32m  OK  [0m] Stopped Login to default iSCSI targets.
         Stopping iSCSI initiator daemon (iscsid)...
[[0;32m  OK  [0m] Stopped iSCSI initiator daemon (iscsid).
[[0;32m  OK  [0m] Stopped target Network is Online.
[[0;32m  OK  [0m] Stopped Initial cloud-init job (metadata service crawler).
[[0;32m  OK  [0m] Stopped target Network.
         Stopping Raise network interfaces...
[[0;32m  OK  [0m] Stopped Raise network interfaces.
[[0;32m  OK  [0m] Stopped target Network (Pre).
[[0;32m  OK  [0m] Stopped Initial cloud-init job (pre-networking).
[[0;32m  OK  [0m] Stopped Apply Kernel Variables.
[[0;32m  OK  [0m] Stopped Load Kernel Modules.
[[0;32m  OK  [0m] Stopped target Local File Systems.
         Unmounting /run/user/1000...
         Unmounting /vagrant...
[[0;32m  OK  [0m] Unmounted /run/user/1000.
[[0;32m  OK  [0m] Unmounted /vagrant.
[[0;32m  OK  [0m] Reached target Unmount All Filesystems.
[[0;32m  OK  [0m] Stopped target Local File Systems (Pre).
[[0;32m  OK  [0m] Stopped Remount Root and Kernel File Systems.
[[0;32m  OK  [0m] Stopped Create Static Device Nodes in /dev.
[[0;32m  OK  [0m] Reached target Shutdown.
[   48.278710] reboot: Restarting system
[    0.000000] Initializing cgroup subsys cpuset
[    0.000000] Initializing cgroup subsys cpu
[    0.000000] Initializing cgroup subsys cpuacct
[    0.000000] Linux version 4.4.0-179-generic (buildd@lcy01-amd64-014) (gcc version 5.4.0 20160609 (Ubuntu 5.4.0-6ubuntu1~16.04.12) ) #209-Ubuntu SMP Fri Apr 24 17:48:44 UC 2020 (Ubnt4..0-179.209-generic 4.4.219)
[    0.000000] Comma lne BOOT_IMAGE=/boot/vmlinuz-4.4.0-179-generic root=LABEL=cloudimg-rootfs ro console=tty1 console=ttyS0
[    0.000000] KERNEL supported cpus:
[    0.000000]   Intel GenuineIntel
[    0.000000]   AMD AuthenticAMD
[    0.000000]   Centaur CentaurHauls
[    0.000000] x86/fpu: xtate_ffet2]:  576, xstate_sizes[2]:  256
[    0.0000]86/fpu Supporting XSAVE feature 0x01: 'x87 floating point registers'
[    0.000000] x86/fpu: Supporting XSAVE feature 0x02: 'SSE registers'
[    0.000000] x86/fpu: Supporting XSAVE feature 0x04: 'AVX registers'
[    0.000000] x86/fpu: Enabled xstate features 0x7, context size is 832 bytes, using 'standard' format.
[    0.000000] e820: BOSrovided physical RAM map:
[     0.000000] BIOS-e820: [mem 0x0000000000000000-0x000000000009fbff] usable
[    0.000000] BIOS-e820: [mem 0x000000000009fc00-0x000000000009ffff] reserved
[    0.000000] BIOS-e820: [mem 0x00000000000f0000-0x00000000000fffff] reserved
[    0.000000] BIOS-e820: [mem 0x0000000000100000-0x00000003ffff] usable
[    0.000000] BIOS-e820: [mem 0x000000003fff0000-0x000000003fffffff] ACPI data
[    0.000000] BIOS-e820: [mem 0x00000000fec00000-0x00000000fec00fff] reserved
[    0.000000] BIOS-e820: [mem 0x00000000fee00000-0x00000000fee00fff] reserved
[    0.000000] BIOS-e820: [mem 0x00000000fffc0000-0x00000000ffffffff] reserved
[    0.000000] NX (Execute Disable) protection: active
[    0.000000] SMBIOS 2.5 present.
[    0.000000] Hypervisor detected: KVM
[    0.000000] e820: last_pfn = 0x3fff0 max_arch_pfn = 0x400000000
[    0.000000] MTRR: Disabled
[    0.000000] x86/PAT: MTRRs disabled, skipping PAT initialization too.
[    0.000000] CPU MTRRs all blank - virtualized system.
[    0.000000] x86/PAT: Configuration [0-7]: WB  WT  UC- UC  WB  WT  UC- UC  
[    0.000000] found SMP MP-table at [mem 0x0009fff0-0x0009ffff] mapped at [ffff88000009fff0]
[    0.000000] Scanning 1 areas for low memory corruption
[    0.000000] RAMDISK: [mem 0x362e0000-0x37167fff]
[    0.000000] ACPI: Early table checksum verification disabled
[    0.000000] ACPI: RSDP 0x00000000000E0000 000024 (v02 VBOX  )
[    0.000000] ACPI: XSDT 0x000000003FFF0030 00003C (v01 VBOX   VBOXXSDT 00000001 ASL  00000061)
[    0.000000] ACPI: FACP 0x000000003FFF00F0 0000F4 (v04 VBOX   VBOXFACP 00000001 ASL  00000061)
[    0.000000] ACPI: DSDT 0x000000003FFF0470 0021FF (v02 VBOX   VBOXBIOS 00000002 INTL 20180105)
[    0.000000] ACPI: FACS 0x000000003FFF0200 000040
[    0.000000] ACPI: FACS 0x000000003FFF0200 000040
[    0.000000] ACPI: APIC 0x000000003FFF0240 00005C (v02 VBOX  VBOXAPIC 00000001 ASL  00000061)
[    0.000000] ACPI: SSDT 0x000000003FFF02A0 0001CC (v01 VBOX   VBOXCPUT 00000002 INTL 20180105)
[    0.000000] No NUMA configuration found
[    0.000000] Faking a node at [mem 0x0000000000000000-0x000000003ffeffff]
[    0.000000] NODE_DATA(0) allocated [mem 0x3ffeb000-0x3ffeffff]
[    0.000000] kvm-clock: Using msrs 4b564d01 and 4b564d00
[    0.000000] kvm-clock: cpu 0, msr 0:3ffe3001, primary cpu clock
[    0.000000] kvm-clock: using sched offset of 58902101569 cycles
[    0.000000] clocksource: kvm-clock: mask: 0xffffffffffffffff max_cycles: 0x1cd42e4dffb, max_idle_ns: 881590591483 ns
[    0.000000] Zone ranges:
[    0.000000]   DMA      [mem 0x0000000000001000-0x0000000000ffffff]
[    0.000000]   DMA32    [mem 0x0000000001000000-0x000000003ffeffff]
[    0.000000]   Normal   empty
[    0.000000]   Device   empty
[[    0.000000] Movable zone start for each node
[    0.000000] Early memory node ranges
[    0.000000]   node   0: [mem 0x0000000000001000-0x00000000efff][  0.00000   node   0: [mem 0x0000000000100000-0x000000003ffeffff]
[    0.000000] Initmem setup node 0 [mem 0x0000000000001000-0x000000003ffeffff]
[    0.000000] ACPI: PM-Timer IO Port: 0x4008
[    0.000000] IOAPIC[0]: apic_id 2, version 32, address 0xfec00000, GSI 0-23
[    0.000000] ACPI: INT_SRC_OVR (bus 0 bus_irq 0 global_irq 2 dfl dfl)
[    0.000000] ACPI: INT_SRC_OVR (bus 0 bus_irq 9 global_irq 9 low level)
[    0.000000] Using ACPI (MADT) for SMP configuration information
[    0.000000] smpboot: Allowing 2 CPUs, 0 hotplug CPUs
[    0.000000] PM: Registered nosave memory: [mem 0x00000000-0x00000fff]
[    0.000000] PM: Registered nosave memory: [mem 0x0009f000-0x0009ffff]
[    0.000000] PM: Registered nosave memory: [mem 0x000a0000-0x000effff]
[    0.000000] PM: Registered nosave memory: [mem 0x0f00-0x000ffff][    0.000000] e820: [mem 0x40000000-0xfebfffff] available for PCI devices
[    0.000000] Booting paravirtualized kernel on KVM
[    0.000000] clocksource: refined-jiffies: mask: 0xffffffff max_cycles: 0xffffffff, max_idle_ns: 7645519600211568 ns
[    0.000000] setup_percpu: NR_CPUS:512 nr_cpumask_bits:512 nr_cpu_ids:2 nr_node_ids:1
[    0.000000] PERCPU: Embedded 33 pages/cpu @ffff88003fc00000 s95448 r8192 d31528 u1048576
[    0.000000] Built 1 zonelists in Node order, mobility grouping on.  Total pages: 257912
[    0.000000] Policy zone: DMA32
[    0.000000] Kernel command line: BOOT_IMAGE=/boot/vmlinuz-4.4.0-179-generic root=LABEL=cloudimg-rootfs ro console=tty1 console=ttyS0
[    0.000000] PID hash table entries: 4096 (order: 3, 32768 bes
[    000000] Memory: 997672K/1048120K available (8630K kernel code, 1336K rwdata, 4036K rodata, 1488K init, 1292K bss, 50448K reserved, 0K cma-reserved)
[    0.000000] SLUB: HWalign=64, Order=0-3, MinObjects=0, CPUs=2, Nodes=1
[    0.000000] Kernel/User page tables isolation: enabled
[    0.000000] Hierarchical RCU implementation.
[    0.000000] 	Build-time adjustment of leaf fanout to 64.
[    0.000000] 	RCU restricting CPUs from NR_CPUS=512 to nr_cpu_ids=2.
[    0.000000] RCU: Adjusting geometry for rcu_fanout_leaf=64, nr_cpu_ids=2
[    0.000000] NR_IRQS:33024 nr_irqs:440 16
[    0.000000] Console: colour VGA+ 80x25
[    0.000000] console [tty1] enabled
[    0.000000] console [ttyS0] enabled
[    0.000000] tsc: Detected 2808.008 MHz processor
[    0.834156] Calibrating delay loop (skipped) preset value.. 5616.01 BogoMIPS (lpj=11232032)
[    0.835535] pid_max: default: 32768 minimum: 301
[    0.836311] ACPI: Core revision 20150930
[    0.83766] ACPI: 2 ACPI AML tables successfully acquired and loaded
[    0.857874] Security Framework initialized
[    0.862692] Yama: becoming mindful.
[    0.863639] AppArmor: AppArmor initialized
[    0.864669] Dentry cache hash table entries: 131072 (order: 8, 1048576 bytes)
[    0.866046] Inode-cache hash table entries: 65536 (order: 7, 524288 bytes)
[    0.867093] Mount-cache hash table entries: 2048 (order: 2, 16384 bytes)
[    0.906523] Mountpoint-cache hash table entries: 2048 (order: 2, 16384 bytes)
[    0.907659] Initializing cgroup subsys io
[    0.922315] Initializing cgroup subsys memory
[    0.923123] Initializing cgroup subsys devices
[    0.923956] Initializing cgroup subsys freezer
[    0.924795] Initializing cgroup subsys net_cls
[    0.925624] Initializing cgroup subsys perf_event
[    0.926522] Initializing cgroup subsys net_prio
[    0.927354] Initializing cgroup subsys hugetlb
[    0.928338] Initializing cgroup subsys pids
[    0.930304] mce: CPU supports 0 MCE banks
[    0.931250] Last level iTLB entries: 4KB 64, 2MB 8, 4MB 8
[    0.932217] Last level dTLB entries: 4KB 64, 2MB 0, 4MB 0, 1GB 4
[    0.933326] Spectre V1 : Mitigation: usercopy/swapgs barriers and __user pointer sanitization
[    0.934974] Spectre V2 : Mitigation: Full generic retpoline
[    0.935924] Spectre V2 : Spectre v2 / SpectreRSB mitigation: Filling RSB on context switch
[    0.937393] Speculative Store Bypass: Vulnerable
[    0.938343] MDS: Mitigation: Clear CPU buffers
[    0.956833] Freeing SMP alternatives memory: 36K
[    0.969831] ftrace: allocating 32313 entries in 127 pages
[    1.020469] smpboot: APIC(0) Converting physical 0 to logical package 0
[    1.029635] smpboot: Max logical packages: 1
[    1.038959] x2apic enabled
[    1.039670] Switched APIC routing to physical x2apic.
[    1.041382] ..TIMER: vector=0x30 apic1=0 pin1=2 apic2=-1 pin2=-1
[    1.150577] smpboot: CPU0: Intel(R) Core(TM) i7-7700HQ CPU @ 2.80GHz (family: 0x6, model: 0x9e, stepping: 0x9)
[    1.214964] Performance Events: unsupported p6 CPU model 158 no PMU driver, software events only.
[    1.226089] KVM setup paravirtual spinlock
[    1.245626] x86: Booting SMP configuration:
[    1.255204] .... node  #0, CPUs:      #1
[    1.255932] kvm-clock: cpu 1, msr 0:3ffe3041, secondary cpu clock
[    1.257576] mce: CPU supports 0 MCE banks
[    1.259990] x86: Booted up 1 node, 2 CPUs
[    1.295430] smpboot: Total of 2 processors activated (11232.03 BogoMIPS)
[    1.330238] devtmpfs: initialized
[    1.332799] evm: security.selinux
[    1.333441] evm: security.SMACK64
[    1.345048] evm: security.SMACK64EXEC
[    1.345648] evm: security.SMACK64TRANSMUTE
[    1.357439] evm: security.SMACK64MMAP
[    1.358200] evm: security.ima
[    1.358780] evm: security.capability
[    1.387745] clocksource: jiffies: mask: 0xffffffff max_cycles: 0xffffffff, max_idle_ns: 7645041785100000 ns
[    1.395981] futex hash table entries: 512 (order: 3, 32768 bytes)
[    1.399984] pinctrl core: initialized pinctrl subsystem
[    1.400873] RTC time: 14:08:00, date: 05/26/20
[    1.401739] NET: Registered protocol family 16
[    1.411234] cpuidle: using governor ladder
[    1.435296] cpuidle: using governor menu
[    1.458678] PCCT header not found.
[    1.473418] ACPI: bus type PCI registered
[    1.481531] acpiphp: ACPI Hot Plug PCI Controller Driver version: 0.5
[    1.491960] PCI: Using configuration type 1 for base access
[    1.507206] ACPI: Added _OSI(Module Device)
[    1.532220] ACPI: Added _OSI(Processor Device)
[    1.532919] ACPI: Added _OSI(3.0 _SCP Extensions)
[    1.533701] ACPI: Added _OSI(Processor Aggregator Device)
[    1.535238] ACPI: Executed 1 blocks of module-level executable AML code
[    1.559814] ACPI: Interpreter enabled
[    1.582343] ACPI: (supports S0 S5)
[    1.583006] ACPI: Using IOAPIC for interrupt routing
[    1.584007] PCI: Using host bridge windows from ACPI; if necessary, use "pci=nocrs" and report a bug
[    1.589060] ACPI: PCI Root Bridge [PCI0] (domain 0000 [bus 00-ff])
[    1.590119] acpi PNP0A03:00: _OSC: OS supports [ASPM ClockPM Segments MSI]
[    1.591309] acpi PNP0A03:00: _OSC: not requesting OS control; OS requires [ExtendedConfig ASPM ClockPM MSI]
[    1.593230] acpi PNP0A03:00: fail to add MMCONFIG information, can't access extended PCI configuration space under this bridge.
[    1.600815] PCI host bridge to bus 0000:00
[    1.601494] pci_bus 0000:00: root bus resource [io  0x0000-0x0cf7 window]
[    1.602647] pci_bus 0000:00: root bus resource [io  0x0d00-0xffff window]
[    1.607972] pci_bus 0000:00: root bus resource [mem 0x000a0000-0x000bffff window]
[    1.609293] pci_bus 0000:00: root bus resource [mem 0x40000000-0xfdffffff window]
[    1.610666] pci_bus 0000:00: root bus resource [bus 00-ff]
[    1.613133] pci 0000:00:01.1: legacy IDE quirk: reg 0x10: [io  0x01f0-0x01f7]
[    1.614296] pci 0000:00:01.1: legacy IDE quirk: reg 0x14: [io  0x03f6]
[    1.615841] pci 0000:00:01.1: legacy IDE quirk: reg 0x18: [io  0x0170-0x0177]
[    1.622401] pci 0000:00:01.1: legacy IDE quirk: reg 0x1c: [io  0x0376]
[    1.646373] pci 0000:00:07.0: quirk: [io  0x4000-0x403f] claimed by PIIX4 ACPI
[    1.647788] pci 0000:00:07.0: quirk: [io  0x4100-0x410f] claimed by PIIX4 SMB
[    1.657471] ACPI: PCI Interrupt Link [LNKA] (IRQs 5 9 10 *11)
[    1.659049] ACPI: PCI Interrupt Link [LNKB] (IRQs 5 9 *10 11)
[    1.660452] ACPI: PCI Interrupt Link [LNKC] (IRQs 5 *9 10 11)
[    1.667024] ACPI: PCI Interrupt Link [LNKD] (IRQs 5 9 10 *11)
[    1.668443] ACPI: Enabled 2 GPEs in block 00 to 07
[    1.700105] vgaarb: setting as boot device: PCI:0000:00:02.0
[    1.701109] vgaarb: device added: PCI:0000:00:02.0,decodes=io+mem,owns=io+mem,locks=none
[    1.702559] vgaarb: loaded
[    1.703078] vgaarb: bridge control possible 0000:00:02.0
[    1.704105] SCSI subsystem initialized
[    1.704872] ACPI: bus type USB registered
[    1.705585] usbcore: registered new interface driver usbfs
[    1.706403] usbcore: registered new interface driver hub
[    1.707230] usbcore: registered new device driver usb
[    1.708374] PCI: Using ACPI for IRQ routing
[    1.709332] NetLabel: Initializing
[    1.709921] NetLabel:  domain hash size = 128
[    1.710635] NetLabel:  protocols = UNLABELED CIPSOv4
[    1.756599] NetLabel:  unlabeled traffic allowed by default
[    1.757588] amd_nb: Cannot enumerate AMD northbridges
[    1.758455] clocksource: Switched to clocksource kvm-clock
[    1.842929] AppArmor: AppArmor Filesystem Enabled
[    1.845367] pnp: PnP ACPI init
    1.900011] pnp: Pn AI:ound 3deices
[   0967clocksource: acpi_pm: mask: 0xffffff max_cycles: 0xffffff, max_idle_ns: 2085701024 ns
[    2.256256] NET: Registered protocol family 2

[    2.257252] TCP established hash table entries: 8192 (order: 4, 65536 bytes)
[    2.258568] TCP bind hash table entries: 8192 (order: 5, 131072 bytes)
[    2.259686] TCP: Hash tables configured (established 8192 bind 8192)
[    2.260732] UDP hash table entries: 512 (order: 2, 16384 bytes)
  2.2900] P-Lite hash table entries: 512 (order: 2, 16384 bytes)
[    2.455463] NET: Registered protocol family 1
[    2.456167] pci 0000:00:00.0: Limiting direct PCI/PCI transfers
[    2.457056] pci 0000:00:01.0: Activating ISA DMA hang workarounds
[    2.458071] Unpacking initramfs...

[    2.658589] Freeing initrd memory: 14880K
[    2.740354] clocksource: tsc: mask: 0xffffffffffffffff max_cycles: 0x2879cd89e5d, max_idle_ns: 440795239466 ns
[    2.764713] platform rtc_cmos: registered platform RTC device (no PNP device found)
[    2.765945] Scanning for low memory corruption every 60 seconds
[    2.767278] audit: initializing netlink subsys (disabled)
[    2.668203] audit: type=2000 audit(1590502141.250:1): initialized
[    2.795670] Initialise system trusted keyring
[    2.796579] HugeTLB registered 2 MB page size, pre-allocated 0 pages
[    2.817129] zbud: loaded
[    2.835414] VFS: Disk quotas dquot_6.6.0
[    2.836174] VFS: Dquot-cache hash table entries: 512 (order 0, 4096 bytes)
[    2.837467] squashfs: version 4.0 (2009/01/31) Phillip Lougher
[    2.838745] fuse init (API version 7.23)
[    2.839567] Key type big_key registered
[    2.840291] Allocating IMA MOK and blacklist keyrings.
[    2.842141] Key type asymmetric registered
[    2.842959] Asymmetric key parser 'x509' registered
[    2.843859] Block layer SCSI generic (bsg) driver version 0.4 loaded (major 249)
[    2.845654] io scheduler noop registered
[    2.846538] io scheduler deadline registered (default)
[    2.855071] io scheduler cfq registered
[    2.855826] pci_hotplug: PCI Hot Plug PCI Core version: 0.5
[    2.856659] pciehp: PCI Express Hot Plug Controller Driver version: 0.4
[    2.857733] ACPI: AC Adapter [AC] (on-line)
[    2.923117] input: Power Button as /devices/LNXSYSTM:00/LNXPWRBN:00/input/input0
[    2.924379] ACPI: Power Button [PWRF]
[    2.925076] input: Sleep Button as /devices/LNXSYSTM:00/LNXSLPBN:00/input/input1
[    2.926234] ACPI: Sleep Button [SLPF]
[    2.927149] GHES: HEST is not enabled!
[    2.934060] ACPI: Battery Slot [BAT0] (battery present)
[    2.936082] Serial: 8250/16550 driver, 32 ports, IRQ sharing enabled
[    2.958659] 00:02: ttyS0 at I/O 0x3f8 (irq = 4, base_baud = 115200) is a 16550A
[    3.036244] Linux agpgart interface v0.103
[   33.068523] loop: module loaded
[   33.095424] scsi host0: ata_piix
[    3.235121] scsi host1: ata_piix
[    3.235845] ata1: PATA max UDMA/33 cmd 0x1f0 ctl 0x3f6 bmdma 0xd000 irq 14
[    3.236943] ata2: PATA max UDMA/33 cmd 0x170 ctl 0x376 bmdma 0xd008 irq 15
[    3.238160] libphy: Fixed MDIO Bus: probed
[    3.245338] tun: Universal TUN/TAP device driver, 1.6
[    3.246104] tun: (C) 1999-2004 Max Krasnyansky <maxk@qualcomm.com>
[    3.247161] PPP generic driver version 2.4.2
[    3.247876] ehci_hcd: USB 2.0 'Enhanced' Host Controller (EHCI) Driver
[    3.248813] ehci-pci: EHCI PCI platform driver
[    3.249606] ehci-platform: EHCI generic platform driver
[    3.250428] ohci_hcd: USB 1.1 'Open' Host Controller (OHCI) Driver
[    3.251582] ohci-pci: OHCI PCI platform driver
[    3.252278] ohci-platform: OHCI generic platform driver
[    3.285336] uhci_hcd: USB Universal Host Controller Interface driver
[    3.287496] i8042: PNP: PS/2 Controller [PNP0303:PS2K,PNP0f03:PS2M] at 0x60,0x64 irq 1,12
[    3.306426] serio: i8042 KBD port at 0x60,0x64 irq 1
[    3.355334] serio: i8042 AUX port at 0x60,0x64 irq 12
[    3.356218] mousedev: PS/2 mouse device common for all mice
[    3.357422] input: AT Translated Set 2 keyboard as /devices/platform/i8042/serio0/input/input2
[    3.358912] rtc_cmos rtc_cmos: rtc core: registered rtc_cmos as rtc0
[    3.359946] rtc_cmos rtc_cmos: alarms up to one day, 114 bytes nvram
[    3.360886] i2c /dev entries driver
[    3.361577] device-mapper: uevent: version 1.0.3
[    3.362527] device-mapper: ioctl: 4.34.0-ioctl (2015-10-28) initialised: dm-devel@redhat.com
[    3.363915] ledtrig-cpu: registered to indicate activity on CPUs
[    3.365459] NET: Registered protocol family 10
[    3.385416] NET: Registered protocol family 17
[    3.386247] Key type dns_resolver registered
[    3.388399] registered taskstats version 1
[    3.389092] Loading compiled-in X.509 certificates
[    3.390381] Loaded X.509 cert 'Build time autogenerated kernel key: a9e5689415cbbea5b40a198600f217117afda70c'
[    3.392104] zswap: loaded using pool lzo/zbud
[    3.407217] Key type trusted registered
[    3.411011] Key type encrypted registered
[    3.411799] AppArmor: AppArmor sha1 policy hashing enabled
[    3.465308] ima: No TPM chip found, activating TPM-bypass!
[    3.466118] ima: Allocated hash algorithm: sha1
[    3.545245] evm: HMAC attrs: 0x1
[    3.599383]   Magic number: 4:497:132
[    3.600076] rtc_cmos rtc_cmos: setting system clock to 2020-05-26 14:08:02 UTC (1590502082)
[    3.601718] BIOS EDD facility v0.16 2004-Jun-25, 0 devices found
[    3.602720] EDD information not available.
[    3.626349] Freeing unused kernel memory: 1488K
[    3.702529] Write protecting the kernel read-only data: 14336k
[    3.704013] Freeing unused kernel memory: 1600K
[    3.705048] Freeing unused kernel memory: 60K
Loading, please wait...
starting version[    3.716925] random: systemd-udevd: uninitialized urandom read (16 bytes read, 3 bits of entropy available)
 229
[    3.717457] random: udevadm: uninitialized urandom read (16 bytes read, 3 bits of entropy available)
[    3.717473] random: udevadm: uninitialized urandom read (16 bytes read, 3 bits of entropy available)
[    3.724125] random: udevadm: uninitialized urandom read (16 bytes read, 3 bits of entropy available)
[    3.724161] random: udevadm: uninitialized urandom read (16 bytes read, 3 bits of entropy available)
[    3.724268] random: udevadm: uninitialized urandom read (16 bytes read, 3 bits of entropy available)
[    3.724307] random: udevadm: uninitialized urandom read (16 bytes read, 3 bits of entropy available)
[    3.724347] random: udevadm: uninitialized urandom read (16 bytes read, 3 bits of entropy available)
[    3.724384] random: udevadm: uninitialized urandom read (16 bytes read, 3 bits of entropy available)
[    3.724419] random: udevadm: uninitialized urandom read (16 bytes read, 3 bits of entropy available)
[    3.891938] e1000: Intel(R) PRO/1000 Network Driver - version 7.3.21-k8-NAPI
[    3.893041] e1000: Copyright (c) 1999-2006 Intel Corporation.
[    3.920195] Fusion MPT base driver 3.04.20
[    3.920889] Copyright (c) 1999-2008 LSI Corporation
[    3.925035] Fusion MPT SPI Host driver 3.04.20
[    3.937473] AVX2 version of gcm_enc/dec engaged.
[    3.945473] AES CTR mode by8 optimization enabled
[    4.129054] input: ImExPS/2 Generic Explorer Mouse as /devices/platform/i8042/serio1/input/input4
[    4.277728] e1000 0000:00:03.0 eth0: (PCI:33MHz:32-bit) 02:98:f4:a7:56:97
[    4.279966] e1000 0000:00:03.0 eth0: Intel(R) PRO/1000 Network Connection
[    4.312095] mptbase: ioc0: Initiating bringup
[    4.385214] ioc0: LSI53C1030 A0: Capabilities={Initiator}
[    4.945902] scsi host2: ioc0: LSI53C1030 A0, FwRev=00000000h, Ports=1, MaxQ=256, IRQ=20
[    5.195898] scsi 2:0:0:0: Direct-Access     VBOX     HARDDISK         1.0  PQ: 0 ANSI: 5
[    5.205579] scsi target2:0:0: Beginning Domain Validation
[    5.217082] scsi target2:0:0: Domain Validation skipping write tests
[    5.220110] scsi target2:0:0: Ending Domain Validation
[    5.223868] scsi target2:0:0: asynchronous
[    5.226089] scsi 2:0:1:0: Direct-Access     VBOX     HARDDISK         1.0  PQ: 0 ANSI: 5
[    5.228599] scsi target2:0:1: Beginning Domain Validation
[    5.231332] scsi target2:0:1: Domain Validation skipping write tests
[    5.232931] scsi target2:0:1: Ending Domain Validation
[    5.234320] scsi target2:0:1: asynchronous
[    5.251383] sd 2:0:0:0: Attached scsi generic sg0 type 0
[    5.261379] sd 2:0:0:0: [sda] 20971520 512-byte logical blocks: (10.7 GB/10.0 GiB)
[    5.289059] sd 2:0:1:0: [sdb] 20480 512-byte logical blocks: (10.5 MB/10.0 MiB)
[    5.290559] sd 2:0:1:0: [sdb] Write Protect is off
[    5.299041] sd 2:0:1:0: Attached scsi generic sg1 type 0
[    5.300222] sd 2:0:1:0: [sdb] Incomplete mode parameter data
[    5.306484] sd 2:0:1:0: [sdb] Assuming drive cache: write through
[    5.307513] sd 2:0:0:0: [sda] Write Protect is off
[    5.311983] sd 2:0:0:0: [sda] Incomplete mode parameter data
[    5.312998] sd 2:0:0:0: [sda] Assuming drive cache: write through
[    5.314841]  sda: sda1
[    5.316133] sd 2:0:1:0: [sdb] Attached SCSI disk
[    5.336286] sd 2:0:0:0: [sda] Attached SCSI disk
[    5.560568] e1000 0000:00:08.0 eth1: (PCI:33MHz:32-bit) 08:00:27:f3:96:70
[    5.564004] e1000 0000:00:08.0 eth1: Intel(R) PRO/1000 Network Connection
[    5.568961] e1000 0000:00:03.0 enp0s3: renamed from eth0
[    5.583103] e1000 0000:00:08.0 enp0s8: renamed from eth1
Begin: Loading e[    7.152498] md: linear personality registered for level -1
ssential drivers[    7.166273] md: multipath personality registered for level -4
 ... [    7.170731] md: raid0 personality registered for level 0
[    7.174683] md: raid1 personality registered for level 1
[    7.246506] raid6: sse2x1   gen() 11227 MB/s
[    7.314483] raid6: sse2x1   xor()  8354 MB/s
[    7.382487] raid6: sse2x2   gen() 12597 MB/s
[    7.450475] raid6: sse2x2   xor()  9573 MB/s
[    7.546489] raid6: sse2x4   gen() 15696 MB/s
[    7.626409] raid6: sse2x4   xor() 10814 MB/s
[    7.694484] raid6: avx2x1   gen() 19857 MB/s
[    7.766483] raid6: avx2x2   gen() 25203 MB/s
[    7.834480] raid6: avx2x4   gen() 28053 MB/s
[    7.835335] raid6: using algorithm avx2x4 gen() 28053 MB/s
[    7.836263] raid6: using avx2x2 recovery algorithm
[    7.837986] xor: automatically using best checksumming function:
[    7.894521]    avx       : 24366.000 MB/sec
[    7.896625] async_tx: api initialized (async)
[    7.910528] md: raid6 personality registered for level 6
[    7.937695] md: raid5 personality registered for level 5
[    7.938557] md: raid4 personality registered for level 4
[    7.944558] md: raid10 personality registered for level 10
done.
Begin: Running /scripts/init-premount ... done.
Begin: Mounting root file system ... Begin: Running /scripts/local-top ... done.
Begin: Running /scripts/local-premount ... [    7.992858] Btrfs loaded
Scanning for Btrfs filesystems
done.
Warning: fsck not present, so skipping root file system
[    8.372192] EXT4-fs (sda1): mounted filesystem with ordered data mode. Opts: (null)
done.
Begin: Running /scripts/local-bottom ... done.
Begin: Running /scripts/init-bottom ... done.
[    9.117580] random: nonblocking pool is initialized
[   10.751259] systemd[1]: systemd 229 running in system mode. (+PAM +AUDIT +SELINUX +IMA +APPARMOR +SMACK +SYSVINIT +UTMP +LIBCRYPTSETUP +GCRYPT +GNUTLS +ACL +XZ -LZ4 +SECCOMP +BLKID +ELFUTILS +KMOD -IDN)
[   10.768698] systemd[1]: Detected virtualization oracle.
[   10.773093] systemd[1]: Detected architecture x86-64.

Welcome to [1mUbuntu 16.04.6 LTS[0m!

[   11.034322] systemd[1]: Set hostname to <Vaant>.
[   12.900868] systemd[1]: Listening on LVM2 poll daemon socket.
[[0;32m  OK  [0m] Listening on LVM2 poll daemon socket.
[ 129388] systemd[1]: Started Trigger reslvconf update for networkd DNS.
[[0;32m  OK  [0m] Started Trigger resolvconf update for networkd DNS.
[   13.100366] systemd[1]: Reached target Swap.
[[0;32m  OK  [0m] Reached target Swap.
[ 1342641] systemd[1]: Reached target User and Group Name Lookups.

[[0;32m  OK  [0m] Reached target User and Group Name Lookups.
[   13.233416] systemd[1]: Reached target Encrypted Volumes.
[[0;32m  OK  [0m] Reached target Encrypted Volumes.
[   13.274828] systemd[1]: Listening on udev Kernel Socket.
[[0;32m  OK  [0m] Listening on udev Kernel Socket.
[   13.276674] systemd[1]: Listening on udev Control Socket.
[[0;32m  OK  [0m] Listening on udev Control Socket.
[   13.287026] systemd[1]: Reached target System Time Synchronized.
[[0;32m  OK  [0m] Reached target System Time Synchronized.
[   13.346912] systemd[1]: Started Forward Password Requests to Wall Directory Watch.
[[0;32m  OK  [0m] Started Forward Password Requests to Wall Directory Watch.
[   13.421690] systemd[1]: Listening on Journal Socket.
[[0;32m  OK  [0m] Listening on Journal Socket.
[   13.450734] systemd[1]: Listening on Device-mapper event daemon FIFOs.
[[0;32m  OK  [0m] Listening on Device-mapper event daemon FIFOs.
[   13.467945] systemd[1]: Listening on LVM2 metadata daemon socket.
[[0;32m  OK  [0m] Listening on LVM2 metadata daemon socket.
[   13.510707] systemd[1]: Listening on Syslog Socket.
[[0;32m  OK  [0m] Listening on Syslog Socket.
[   13.566561] systemd[1]: Listening on Journal Audit Socket.
[[0;32m  OK  [0m] Listening on Journal Audit Socket.
[   13.592712] systemd[1]: Created slice System Slice.
[[0;32m  OK  [0m] Created slice System Slice.
[   13.610674] systemd[1]: Starting Monitoring of LVM2 mirrors, snapshots etc. using dmeventd or progress polling...
         Starting Monitoring of LVM2 mirrors... dmeventd or progress polling...
[   13.622206] systemd[1]: Starting Remount Root and Kernel File Systems...
         Starting Remount Root and Kernel File Systems...
[   13.887093] systemd[1]: Starting Load Kernel Modules...
         Starting Load Kernel Modules...
[   13.897006] systemd[1]: Starting Nameserver information manager...
         Starting Nameserver information manager...
[   13.946664] systemd[1]: Mounting Huge Pages File System...
         Mounting Huge Pages File System...
[   13.975208] systemd[1]: Mounting POSIX Message Queue File System...
         Mounting POSIX Message Queue File System...
[   14.075607] systemd[1]: Starting Uncomplicated firewall...
[   14.101610] EXT4-fs (sda1): re-mounted. Opts: (null)
         Starting Uncomplicated firewall...
[   14.107187] systemd[1]: Set up automount Arbitrary Executable File Formats File System Automount Point.
[[0;32m  OK  [0m] Set up automount Arbitrary Executab...ats File System Automount Point.
[   14.145929] Loading iSCSI transport class v2.0-870.
[   14.152590] systemd[1]: Listening on Journal Socket (/dev/log).
[[0;32m  OK  [0m] Listening on Journal Socket (/dev/log).
[   14.198740] systemd[1]: Starting Journal Service...
         Starting Journal Service...
[   14.248857] systemd[1]: Mounting Debug File System...
         Mounting Debug File System...
[   14.264318] systemd[1]: Created slice system-serial\x2dgetty.slice.
[[0;32m  OK  [0m] Created slice system-serial\x2dgetty.slice.
[   14.266717] systemd[1]: Listening on /dev/initctl Compatibility Named Pipe.
[[0;32m  OK  [0m] Listening on /dev/initctl Compatibility Named Pipe.
[   14.302697] systemd[1]: Starting Create list of required static device nodes for the current kernel...
         Starting Create list of required st... nodes for the current kernel...
[   14.326221] systemd[1]: Created slice User and Session Slice.
[[0;32m  OK  [0m] Created slice User and Session Slice.
[   14.328588] systemd[1]: Reached target Slices.
[[0;32m  OK  [0m] Reached target Slices.
[   14.331034] systemd[1]: Starting Set console keymap...
         Starting Set console keymap...
[   14.348988] systemd[1]: Mounted POSIX Message Queue File System.
[[0;32m  OK  [0m] Mounted POSIX Message Queue File System.
[   14.356795] systemd[1]: Mounted Huge Pages File System.
[   14.357740] iscsi: registered transport (tcp)
[[0;32m  OK  [0m] Mounted Huge Pages File System.
[ 14879] syem[1]: Mounted Debug File System.
[[0;32m  OK  [0m] Mounted Debug File System.
[   14.597097] systemd[1]: Started Remount Root and Kernel File Systems.
[[0;32m  OK  [0m] Started Remount Root and Kernel File Systems.
[   14.635200] systemd[1]: Started Uncomplicated firewall.
[[0;32m  OK  [0m] Started Uncomplicated firewall.
[   14.667642] systemd[1]: Started Create list of required static device nodes for the current kernel.
[[0;32m  OK  [0m] Started Create list of required sta...ce nodes for the current kernel.
[   14.704148] systemd[1]: Started Nameserver information manager.
[[0;32m  OK  [0m] Started Nameserver information manager.
[   14.751907] systemd[1]: Started LVM2 metadata daemon.
[[0;32m  OK  [0m] Started LVM2 metadata daemon.
[   14.755021] systemd[1]: Starting Create Static Device Nodes in /dev...
         Starting Create Static Device Nodes in /dev...
[   14.802634] systemd[1]: Starting udev Coldplug all Devices...
         Starting udev Coldplug all Devices...
[   14.861016] systemd[1]: Starting Load/Save Random Seed...
         Starting Load/Save Random Seed...
[   14.863053] systemd[1]: Started Journal Service.
[[0;32m  OK  [0m] Started Journal Service.
[[0;32m  OK  [0m] Started Set c[   14.969966] iscsi: registered transport (iser)
onsole keymap.
[[0;32m  OK  [0m] Started Load Kernel Modules.
[[0;32m  OK  [0m] Started Load/Save Random Seed.
[[0;32m  OK  [0m] Started udev Coldplug all Devices.
         Starting Apply Kernel Variables...
         Mounting FUSE Control File System...
         Starting Flush Journal to Persistent Storage...
[[0;32m  OK  [0m] Mounted FUSE Control File System.
[   15.232469] systemd-journald[388]: Received request to flush runtime journal from PID 1
[[0;32m  OK  [0m] Started Flush Journal to Persistent Storage.
[[0;32m  OK  [0m] Started Create Static Device Nodes in /dev.
         Starting udev Kernel Device Manager...
[[0;32m  OK  [0m] Started Monitoring of LVM2 mirrors,...ng dmeventd or progress polling.
[[0;32m  OK  [0m] Started Apply Kernel Variables.
[[0;32m  OK  [0m] Reached target Local File Systems (Pre).
[[0;32m  OK  [0m] Reached target Local File Systems.
         Starting LSB: AppArmor initialization...
         Starting Set console font and keymap...
         Starting Create Volatile Files and Directories...
         Starting Initial cloud-init job (pre-networking)...
         Starting Tell Plymouth To Write Out Runtime Data...
[[0;32m  OK  [0m] Started Tell Plymouth To Write Out Runtime Data.
[[0;32m  OK  [0m] Started udev Kernel Device Manager.
[[0;32m  OK  [0m] Started Dispatch Password Requests to Console Directory Watch.
[[0;32m  OK  [0m] Started Create Volatile Files and Directories.
         Starting Update UTMP about System Boot/Shutdown...
[[0;32m  OK  [0m] Started Set console font and keymap.
[[0;32m  OK  [0m] Created slice system-getty.slice.
[[0;32m  OK  [0m] Found device /dev/ttyS0.
[[0;32m  OK  [0m] Listening on Load/Save RF Kill Switch Status /dev/rfkill Watch.
[[0;32m  OK  [0m] Started Update UTMP about System Boot/Shutdown.
[[0;32m  OK  [0m] Found device 82540EM Gigabit Ethern...r (PRO/1000 MT Desktop Adapter).
[[0;32m  OK  [0m] Found device 82540EM Gigabit Ethern...r (PRO/1000 MT Desktop Adapter).
[[0;32m  OK  [0m] Started LSB: AppArmor initialization.
[   21.044967] cloud-init[477]: Cloud-init v. 19.4-33-gbb4131a2-0ubuntu1~16.04.1 running 'init-local' at Tue, 26 May 2020 14:08:20 +0000. Up 20.03 seconds.
[[0;32m  OK  [0m] Started Initial cloud-init job (pre-networking).
[[0;32m  OK  [0m] Reached target Network (Pre).
         Starting Raise network interfaces...
[[0;32m  OK  [0m] Started ifup for enp0s8.
[[0;32m  OK  [0m] Started ifup for enp0s3.
[[0;32m  OK  [0m] Started Raise network interfaces.
[[0;32m  OK  [0m] Reached target Network.
         Starting Initial cloud-init job (metadata service crawler)...
[   23.278322] cloud-init[1077]: Cloud-init v. 19.4-33-gbb4131a2-0ubuntu1~16.04.1 running 'init' at Tue, 26 May 2020 14:08:22 +0000. Up 21.83 seconds.
[   23.323379] [cloud-init[0;32m  OK  [0m[1077]: ] ci-info: ++++++++++++++++++++++++++++++++++++++Net device info+++++++++++++++++++++++++++++++++++++++Started Initial cloud-init job (metadata service crawler).

[[0;32m  OK  [0m] Reached target Network is Online.
[   23.323754] cloud-init[1077]: ci-info: +--------+------+-----------------------------+---------------+--------+-------------------+
[   23.336295] cloud-init[1077]: ci-info: | Device |  Up  |           Address           |      Mask     | Scope  |     Hw-Address    |
[   23.364837]          cloud-initStarting iSCSI initiator daemon (iscsid)...[1077]: 
ci-info: +--------+------+-----------------------------+---------------+--------+-------------------+
[   23.400787] [cloud-init[0;32m  OK  [0m[1077]: ] ci-info: | enp0s3 | True |          10.0.2.15          | 255.255.255.0 | global | 02:98:f4:a7:56:97 |Reached target Cloud-config availability.

[   23.438322] [[0;32m  OK  [0m] Reached target System Initialization.
[[0;32m  OK  [0m] Listening on ACPID Listen Socket.
cloud-init[1077]: ci-info: | enp0s3 | True |  fe80::98:f4ff:fea7:5697/64 |       .       |  link  | 02:98:f4:a7:56:97 |
[   23.449057]          Starting LXD - unix socket.
[[0;32m  OK  [0m] Listening on D-Bus System Message Bus Socket.
[[0;32m  OK  [0m] Started Daily Cleanup of Temporary Directories.
[[0;32m  OK  [0m] Listening on UUID daemon activation socket.
cloud-init[1077]: ci-info: | enp0s8 | True |         192.168.50.4        | 255.255.255.0 | global | 08:00:27:f3:96:70 |
[   23.457931] cloud-init[1077]: ci-info: | enp0s8 | True | fe80::a00:27ff:fef3:9670/64 |       .       |  link  | 08:00:27:f3:96:70 |
[   23.462916] [[0;32m  OK  [0m] Started Daily apt download activities.
[[0;32m  OK  [0m] Started Daily apt upgrade and clean activities.
cloud-init[1077]: ci-info: |   lo   | True |          127.0.0.1          |   255.0.0.0   |  host  |         .         |
[   23.548720] [[0;32m  OK  [0m] Started Message of the Day.
[[0;32m  OK  [0m] Reached target Timers.
         Starting Socket activation for snappy daemon.
cloud-init[1077]: ci-info: |   lo   | True |           ::1/128           |       .       |  host  |         .         |
[   23.588622] [cloud-init[0;32m  OK  [0m[1077]: ] ci-info: +--------+------+-----------------------------+---------------+--------+-------------------+Started ACPI Events Check.

[   23.610793] [cloud-init[0;32m  OK  [0m[1077]: ] ci-info: ++++++++++++++++++++++++++++Route IPv4 info++++++++++++++++++++++++++++Reached target Paths.

[   23.666269] [[0;32m  OK  [0m] Listening on LXD - unix socket.
[[0;32m  OK  [0m] Listening on Socket activation for snappy daemon.
[[0;32m  OK  [0m] Reached target Sockets.
[[0;32m  OK  [0m] Reached target Basic System.
cloud-init[1077]: ci-info: +-------+--------------+----------+---------------+-----------+-------+
[   23.677623] cloud-init[1077]: ci-info: | Route | Destination  | Gateway  |    Genmask    | Interface | Flags |
[   23.700369] cloud-init[1077]: ci-info: +-------+--------------+----------+---------------+-----------+-------+
[   23.715378] cloud-init[1077]: ci-info: |   0   |   0.0.0.0    | 10.0.2.2 |    0.0.0.0    |   enp0s3  |   UG  |
[   23.772937] cloud-init[1077]: ci-info: |   1   |   10.0.2.0   | 0.0.0.0  | 255.255.255.0 |   enp0s3  |   U   |
         Starting Login Service...
[   23.810358] cloud-init[1077]: ci-info: |   2   | 192.168.50.0 | 0.0.0.0  | 255.255.255.0 |   enp0s8  |   U   |
[   23.839467] cloud-init[1077]: ci-info: +-------+--------------+----------+---------------+-----------+-------+
[   23.840614] cloud-init[1077]: ci-info: +++++++++++++++++++Route IPv6 info+++++++++++++++++++
[   23.841215] cloud-init[1077]: ci-info: +-------+-------------+---------+-----------+-------+
         Starting /etc/rc.local Compatibility...
[   23.843313] cloud-init[1077]: ci-info: | Route | Destination | Gateway | Interface | Flags |
[   23.869468] cloud-init[1077]: ci-info: +-------+-------------+---------+-----------+-------+
[   23.889053] cloud-init[1077]: ci-info: |   0   |  fe80::/64  |    ::   |   enp0s8  |   U   |
[   23.889565] cloud-init[1077]: ci-info: |   1   |  fe80::/64  |    ::   |   enp0s3  |   U   |
[   23.890069] cloud-init[1077]: ci-info: |   4   |   ff00::/8  |    ::   |   enp0s8  |   U   |
[   23.890304] cloud-init[1077]: ci-info: |   5   |   ff00::/8  |    ::   |   enp0s3  |   U   |
[[0;32m  OK  [0m] Started D-Bus System Message Bus.
[   23.890538] cloud-init[1077]: ci-info: +-------+-------------+---------+-----------+-------+
         Starting OpenBSD Secure Shell server...
         Starting Virtualbox guest utils...
[[0;32m  OK  [0m] Started ACPI event daemon.
[[0;32m  OK  [0m] Started Regular background program processing daemon.
[[0;32m  OK  [0m] Started FUSE filesystem for LXC.
         Starting Accounts Service...
         Starting System Logging Service...
         Starting LSB: MD monitoring daemon...
         Starting LSB: Record successful boot for GRUB...
[[0;32m  OK  [0m] Started Deferred execution scheduler.
         Starting Snappy daemon...
         Starting LXD - container startup/shutdown...
[[0;32m  OK  [0m] Started iSCSI initiator daemon (iscsid).
[[0;32m  OK  [0m] Started /etc/rc.local Compatibility.
         Starting Login to default iSCSI targets...
[[0;32m  OK  [0m] Started Login Service.
[[0;32m  OK  [0m] Started Unattended Upgrades Shutdown.
[[0;32m  OK  [0m] Started System Logging Service.
[[0;32m  OK  [0m] Started LSB: MD monitoring daemon.
[[0;32m  OK  [0m] Started LSB: Record successful boot for GRUB.
[[0;32m  OK  [0m] Started Login to default iSCSI targets.
[[0;32m  OK  [0m] Reached target Remote File Systems (Pre).
[[0;32m  OK  [0m] Reached target Remote File Systems.
         Starting LSB: daemon to balance interrupts for SMP systems...
         Starting LSB: automatic crash report generation...
         Starting LSB: Set the CPU Frequency Scaling governor to "ondemand"...
         Starting Permit User Sessions...
[[0;32m  OK  [0m] Started LSB: Set the CPU Frequency Scaling governor to "ondemand".
[[0;32m  OK  [0m] Started Permit User Sessions.
         Starting Terminate Plymouth Boot Screen...
         Starting Hold until boot process finishes up...
[[0;32m  OK  [0m] Started Terminate Plymouth Boot Screen.
[[0;32m  OK  [0m] Started Hold until boot process finishes up.
[[0;32m  OK  [0m] Started Serial Getty on ttyS0.
         Starting Set console scheme...
[[0;32m  OK  [0m] Started Getty on tty1.
[[0;32m  OK  [0m] Reached target Login Prompts.
[[0;32m  OK  [0m] Started LSB: daemon to balance interrupts for SMP systems.
[[0;32m  OK  [0m] Started Set console scheme.
[[0;32m  OK  [0m] Started LSB: automatic crash report generation.
[[0;32m  OK  [0m] Started Virtualbox guest utils.
         Starting Authenticate and Authorize Users to Run Privileged Tasks...
[[0;32m  OK  [0m] Started OpenBSD Secure Shell server.
[[0;32m  OK  [0m] Started Authenticate and Authorize Users to Run Privileged Tasks.
[[0;32m  OK  [0m] Started Accounts Service.
[[0;32m  OK  [0m] Started LXD - container startup/shutdown.
[[0;32m  OK  [0m] Started Snappy daemon.
         Starting Wait until snapd is fully seeded...
[[0;32m  OK  [0m] Started Wait until snapd is fully seeded.
[[0;32m  OK  [0m] Reached target Multi-User System.
[[0;32m  OK  [0m] Reached target Graphical Interface.
         Starting Update UTMP about System Runlevel Changes...
         Starting Apply the settings specified in cloud-config...
[[0;32m  OK  [0m] Started Update UTMP about System Runlevel Changes.
[   29.205639] cloud-init[1342]: Cloud-init v. 19.4-33-gbb4131a2-0ubuntu1~16.04.1 running 'modules:config' at Tue, 26 May 2020 14:08:29 +0000. Up 29.04 seconds.
[[0;32m  OK  [0m] Started Apply the settings specified in cloud-config.
         Starting Execute cloud user/final scripts...
[   30.968077] cloud-init[1356]: Cloud-init v. 19.4-33-gbb4131a2-0ubuntu1~16.04.1 running 'modules:final' at Tue, 26 May 2020 14:08:29 +0000. Up 29.52 seconds.
[   30.969513] cloud-init[1356]: Cloud-init v. 19.4-33-gbb4131a2-0ubuntu1~16.04.1 finished at Tue, 26 May 2020 14:08:31 +0000. Datasource DataSourceNoCloud [seed=/dev/sdb][dsmode=net].  Up 30.95 seconds

Ubuntu 16.04.6 LTS Vagrant ttyS0

Vagrant login: 